#
# There is insufficient memory for the Java Runtime Environment to continue.
# Native memory allocation (malloc) failed to allocate 2075696 bytes for Chunk::new
# Possible reasons:
#   The system is out of physical RAM or swap space
#   The process is running with CompressedOops enabled, and the Java Heap may be blocking the growth of the native heap
# Possible solutions:
#   Reduce memory load on the system
#   Increase physical memory or swap space
#   Check if swap backing store is full
#   Decrease Java heap size (-Xmx/-Xms)
#   Decrease number of Java threads
#   Decrease Java thread stack sizes (-Xss)
#   Set larger code cache with -XX:ReservedCodeCacheSize=
#   JVM is running with Unscaled Compressed Oops mode in which the Java heap is
#     placed in the first 4GB address space. The Java Heap base address is the
#     maximum limit for the native heap growth. Please use -XX:HeapBaseMinAddress
#     to set the Java Heap base and to place the Java Heap above 4GB virtual address.
# This output file may be truncated or incomplete.
#
#  Out of Memory Error (arena.cpp:189), pid=5864, tid=12732
#
# JRE version: OpenJDK Runtime Environment Temurin-17.0.3+7 (17.0.3+7) (build 17.0.3+7)
# Java VM: OpenJDK 64-Bit Server VM Temurin-17.0.3+7 (17.0.3+7, mixed mode, tiered, compressed oops, compressed class ptrs, g1 gc, windows-amd64)
# No core dump will be written. Minidumps are not enabled by default on client versions of Windows
#

---------------  S U M M A R Y ------------

Command Line: -Dfile.encoding=UTF-8 -XX:+ShowCodeDetailsInExceptionMessages com.generation.blogpessoal.BlogpessoalApplication

Host: Intel(R) Core(TM) i5-4300M CPU @ 2.60GHz, 4 cores, 7G,  Windows 10 , 64 bit Build 19041 (10.0.19041.1806)
Time: Wed Aug 10 17:23:32 2022 Hora oficial do Brasil elapsed time: 2563.825555 seconds (0d 0h 42m 43s)

---------------  T H R E A D  ---------------

Current thread (0x000001f82bc24890):  JavaThread "C2 CompilerThread0" daemon [_thread_in_native, id=12732, stack(0x00000003f9d00000,0x00000003f9e00000)]


Current CompileTask:
C2:2563825 7539   !   4       org.springframework.util.ReflectionUtils::doWithLocalMethods (89 bytes)

Stack: [0x00000003f9d00000,0x00000003f9e00000]
Native frames: (J=compiled Java code, j=interpreted, Vv=VM code, C=native code)
V  [jvm.dll+0x675efa]
V  [jvm.dll+0x830a24]
V  [jvm.dll+0x8321ce]
V  [jvm.dll+0x832833]
V  [jvm.dll+0x2454b5]
V  [jvm.dll+0xabd7b]
V  [jvm.dll+0xac30c]
V  [jvm.dll+0x3635d2]
V  [jvm.dll+0x32dca1]
V  [jvm.dll+0x32d14a]
V  [jvm.dll+0x218361]
V  [jvm.dll+0x217781]
V  [jvm.dll+0x1a3ccd]
V  [jvm.dll+0x227178]
V  [jvm.dll+0x2252bc]
V  [jvm.dll+0x7e673b]
V  [jvm.dll+0x7e0cfa]
V  [jvm.dll+0x674d85]
C  [ucrtbase.dll+0x21bb2]
C  [KERNEL32.DLL+0x17034]
C  [ntdll.dll+0x52651]


---------------  P R O C E S S  ---------------

Threads class SMR info:
_java_thread_list=0x000001f830b78fd0, length=33, elements={
0x000001f82b173410, 0x000001f82b174a20, 0x000001f82b19d570, 0x000001f82bc1c410,
0x000001f82bc1e570, 0x000001f82bc23360, 0x000001f82bc24890, 0x000001f82bc25ad0,
0x000001f82bc2a070, 0x000001f82bd92490, 0x000001f82bda8c50, 0x000001f830fbefc0,
0x000001f830fbe150, 0x000001f82c64aa60, 0x000001f82d7cc470, 0x000001f82c64c740,
0x000001f82c64b8d0, 0x000001f82c64bda0, 0x000001f82c64cc10, 0x000001f82c64b400,
0x000001f82c64df50, 0x000001f82c64a0c0, 0x000001f82c64da80, 0x000001f82c64d0e0,
0x000001f82c649720, 0x000001f82c64c270, 0x000001f82c64d5b0, 0x000001f82c647f10,
0x000001f82c64e420, 0x000001f82c6483e0, 0x000001f82c64e8f0, 0x000001f82c6470a0,
0x000001f82c64af30
}

Java Threads: ( => current thread )
  0x000001f82b173410 JavaThread "Reference Handler" daemon [_thread_blocked, id=16276, stack(0x00000003f9700000,0x00000003f9800000)]
  0x000001f82b174a20 JavaThread "Finalizer" daemon [_thread_blocked, id=11160, stack(0x00000003f9800000,0x00000003f9900000)]
  0x000001f82b19d570 JavaThread "Signal Dispatcher" daemon [_thread_blocked, id=14416, stack(0x00000003f9900000,0x00000003f9a00000)]
  0x000001f82bc1c410 JavaThread "Attach Listener" daemon [_thread_blocked, id=11436, stack(0x00000003f9a00000,0x00000003f9b00000)]
  0x000001f82bc1e570 JavaThread "Service Thread" daemon [_thread_blocked, id=15960, stack(0x00000003f9b00000,0x00000003f9c00000)]
  0x000001f82bc23360 JavaThread "Monitor Deflation Thread" daemon [_thread_blocked, id=12888, stack(0x00000003f9c00000,0x00000003f9d00000)]
=>0x000001f82bc24890 JavaThread "C2 CompilerThread0" daemon [_thread_in_native, id=12732, stack(0x00000003f9d00000,0x00000003f9e00000)]
  0x000001f82bc25ad0 JavaThread "C1 CompilerThread0" daemon [_thread_blocked, id=15156, stack(0x00000003f9e00000,0x00000003f9f00000)]
  0x000001f82bc2a070 JavaThread "Sweeper thread" daemon [_thread_blocked, id=17548, stack(0x00000003f9f00000,0x00000003fa000000)]
  0x000001f82bd92490 JavaThread "Notification Thread" daemon [_thread_blocked, id=4100, stack(0x00000003fa000000,0x00000003fa100000)]
  0x000001f82bda8c50 JavaThread "Common-Cleaner" daemon [_thread_blocked, id=3076, stack(0x00000003fa200000,0x00000003fa300000)]
  0x000001f830fbefc0 JavaThread "mysql-cj-abandoned-connection-cleanup" daemon [_thread_blocked, id=2348, stack(0x00000003fad00000,0x00000003fae00000)]
  0x000001f830fbe150 JavaThread "Live Reload Server" daemon [_thread_in_native, id=16348, stack(0x00000003fb200000,0x00000003fb300000)]
  0x000001f82c64aa60 JavaThread "DestroyJavaVM" [_thread_blocked, id=3552, stack(0x00000003f9000000,0x00000003f9100000)]
  0x000001f82d7cc470 JavaThread "C2 CompilerThread1" daemon [_thread_in_native, id=14040, stack(0x00000003fa800000,0x00000003fa900000)]
  0x000001f82c64c740 JavaThread "Catalina-utility-1" [_thread_blocked, id=17004, stack(0x00000003fa900000,0x00000003faa00000)]
  0x000001f82c64b8d0 JavaThread "Catalina-utility-2" [_thread_blocked, id=1504, stack(0x00000003faa00000,0x00000003fab00000)]
  0x000001f82c64bda0 JavaThread "container-0" [_thread_blocked, id=6040, stack(0x00000003fab00000,0x00000003fac00000)]
  0x000001f82c64cc10 JavaThread "HikariPool-2 housekeeper" daemon [_thread_blocked, id=12336, stack(0x00000003fac00000,0x00000003fad00000)]
  0x000001f82c64b400 JavaThread "HikariPool-2 connection adder" daemon [_thread_blocked, id=14920, stack(0x00000003fae00000,0x00000003faf00000)]
  0x000001f82c64df50 JavaThread "File Watcher" daemon [_thread_blocked, id=14884, stack(0x00000003faf00000,0x00000003fb000000)]
  0x000001f82c64a0c0 JavaThread "http-nio-8080-exec-1" daemon [_thread_blocked, id=16492, stack(0x00000003fb000000,0x00000003fb100000)]
  0x000001f82c64da80 JavaThread "http-nio-8080-exec-2" daemon [_thread_blocked, id=3896, stack(0x00000003fb100000,0x00000003fb200000)]
  0x000001f82c64d0e0 JavaThread "http-nio-8080-exec-3" daemon [_thread_blocked, id=9088, stack(0x00000003fb300000,0x00000003fb400000)]
  0x000001f82c649720 JavaThread "http-nio-8080-exec-4" daemon [_thread_blocked, id=13876, stack(0x00000003fb400000,0x00000003fb500000)]
  0x000001f82c64c270 JavaThread "http-nio-8080-exec-5" daemon [_thread_blocked, id=5236, stack(0x00000003fb500000,0x00000003fb600000)]
  0x000001f82c64d5b0 JavaThread "http-nio-8080-exec-6" daemon [_thread_blocked, id=12200, stack(0x00000003fb600000,0x00000003fb700000)]
  0x000001f82c647f10 JavaThread "http-nio-8080-exec-7" daemon [_thread_blocked, id=14184, stack(0x00000003fb700000,0x00000003fb800000)]
  0x000001f82c64e420 JavaThread "http-nio-8080-exec-8" daemon [_thread_blocked, id=16316, stack(0x00000003fb800000,0x00000003fb900000)]
  0x000001f82c6483e0 JavaThread "http-nio-8080-exec-9" daemon [_thread_blocked, id=15512, stack(0x00000003fb900000,0x00000003fba00000)]
  0x000001f82c64e8f0 JavaThread "http-nio-8080-exec-10" daemon [_thread_blocked, id=15372, stack(0x00000003fba00000,0x00000003fbb00000)]
  0x000001f82c6470a0 JavaThread "http-nio-8080-Poller" daemon [_thread_in_native, id=13988, stack(0x00000003fbb00000,0x00000003fbc00000)]
  0x000001f82c64af30 JavaThread "http-nio-8080-Acceptor" daemon [_thread_in_native, id=7640, stack(0x00000003fbc00000,0x00000003fbd00000)]

Other Threads:
  0x000001f82b18f6f0 VMThread "VM Thread" [stack: 0x00000003f9600000,0x00000003f9700000] [id=12660]
  0x000001f82bd9a980 WatcherThread [stack: 0x00000003fa100000,0x00000003fa200000] [id=15072]
  0x000001f80fbc3630 GCTaskThread "GC Thread#0" [stack: 0x00000003f9100000,0x00000003f9200000] [id=7656]
  0x000001f82d400c90 GCTaskThread "GC Thread#1" [stack: 0x00000003fa400000,0x00000003fa500000] [id=17476]
  0x000001f82c79bc60 GCTaskThread "GC Thread#2" [stack: 0x00000003fa500000,0x00000003fa600000] [id=17896]
  0x000001f82c5763c0 GCTaskThread "GC Thread#3" [stack: 0x00000003fa600000,0x00000003fa700000] [id=4376]
  0x000001f80fbd59a0 ConcurrentGCThread "G1 Main Marker" [stack: 0x00000003f9200000,0x00000003f9300000] [id=11136]
  0x000001f80fbd63b0 ConcurrentGCThread "G1 Conc#0" [stack: 0x00000003f9300000,0x00000003f9400000] [id=2516]
  0x000001f82afe0090 ConcurrentGCThread "G1 Refine#0" [stack: 0x00000003f9400000,0x00000003f9500000] [id=2324]
  0x000001f82c77c3a0 ConcurrentGCThread "G1 Refine#1" [stack: 0x00000003fa700000,0x00000003fa800000] [id=804]
  0x000001f82afe0ab0 ConcurrentGCThread "G1 Service" [stack: 0x00000003f9500000,0x00000003f9600000] [id=2676]

Threads with active compile tasks:
C2 CompilerThread0  2563929 7539   !   4       org.springframework.util.ReflectionUtils::doWithLocalMethods (89 bytes)
C2 CompilerThread1  2563929 7538   !   4       org.springframework.util.ReflectionUtils::doWithMethods (207 bytes)

VM state: not at safepoint (normal execution)

VM Mutex/Monitor currently owned by a thread: None

Heap address: 0x0000000081c00000, size: 2020 MB, Compressed Oops mode: 32-bit

CDS archive(s) not mapped
Compressed class space mapped at: 0x0000000100000000-0x0000000140000000, reserved size: 1073741824
Narrow klass base: 0x0000000000000000, Narrow klass shift: 3, Narrow klass range: 0x140000000

GC Precious Log:
 CPUs: 4 total, 4 available
 Memory: 8072M
 Large Page Support: Disabled
 NUMA Support: Disabled
 Compressed Oops: Enabled (32-bit)
 Heap Region Size: 1M
 Heap Min Capacity: 8M
 Heap Initial Capacity: 128M
 Heap Max Capacity: 2020M
 Pre-touch: Disabled
 Parallel Workers: 4
 Concurrent Workers: 1
 Concurrent Refinement Workers: 4
 Periodic GC: Disabled

Heap:
 garbage-first heap   total 55296K, used 31644K [0x0000000081c00000, 0x0000000100000000)
  region size 1024K, 6 young (6144K), 2 survivors (2048K)
 Metaspace       used 72383K, committed 72832K, reserved 1114112K
  class space    used 9225K, committed 9408K, reserved 1048576K

Heap Regions: E=young(eden), S=young(survivor), O=old, HS=humongous(starts), HC=humongous(continues), CS=collection set, F=free, OA=open archive, CA=closed archive, TAMS=top-at-mark-start (previous, next)
|   0|0x0000000081c00000, 0x0000000081d00000, 0x0000000081d00000|100%|HS|  |TAMS 0x0000000081d00000, 0x0000000081c00000| Complete 
|   1|0x0000000081d00000, 0x0000000081dfffe8, 0x0000000081e00000| 99%| O|  |TAMS 0x0000000081dfffe8, 0x0000000081d00000| Untracked 
|   2|0x0000000081e00000, 0x0000000081f00000, 0x0000000081f00000|100%| O|  |TAMS 0x0000000081f00000, 0x0000000081e00000| Untracked 
|   3|0x0000000081f00000, 0x0000000082000000, 0x0000000082000000|100%| O|  |TAMS 0x0000000082000000, 0x0000000081f00000| Untracked 
|   4|0x0000000082000000, 0x00000000820fffe8, 0x0000000082100000| 99%| O|  |TAMS 0x00000000820fffe8, 0x0000000082000000| Untracked 
|   5|0x0000000082100000, 0x0000000082200000, 0x0000000082200000|100%| O|  |TAMS 0x0000000082200000, 0x0000000082100000| Untracked 
|   6|0x0000000082200000, 0x00000000822ffff8, 0x0000000082300000| 99%| O|  |TAMS 0x00000000822ffff8, 0x0000000082200000| Untracked 
|   7|0x0000000082300000, 0x0000000082400000, 0x0000000082400000|100%| O|  |TAMS 0x0000000082400000, 0x0000000082300000| Untracked 
|   8|0x0000000082400000, 0x0000000082500000, 0x0000000082500000|100%| O|  |TAMS 0x0000000082500000, 0x0000000082400000| Untracked 
|   9|0x0000000082500000, 0x00000000825fffe8, 0x0000000082600000| 99%| O|  |TAMS 0x00000000825fffe8, 0x0000000082500000| Untracked 
|  10|0x0000000082600000, 0x00000000826ffff8, 0x0000000082700000| 99%| O|  |TAMS 0x00000000826ffff8, 0x0000000082600000| Untracked 
|  11|0x0000000082700000, 0x0000000082800000, 0x0000000082800000|100%| O|  |TAMS 0x0000000082800000, 0x0000000082700000| Untracked 
|  12|0x0000000082800000, 0x00000000828fffb8, 0x0000000082900000| 99%| O|  |TAMS 0x00000000828fffb8, 0x0000000082800000| Untracked 
|  13|0x0000000082900000, 0x00000000829fffc0, 0x0000000082a00000| 99%| O|  |TAMS 0x00000000829fffc0, 0x0000000082900000| Untracked 
|  14|0x0000000082a00000, 0x0000000082afffa0, 0x0000000082b00000| 99%| O|  |TAMS 0x0000000082afffa0, 0x0000000082a00000| Untracked 
|  15|0x0000000082b00000, 0x0000000082bfffb0, 0x0000000082c00000| 99%| O|  |TAMS 0x0000000082bfffb0, 0x0000000082b00000| Untracked 
|  16|0x0000000082c00000, 0x0000000082d00000, 0x0000000082d00000|100%| O|  |TAMS 0x0000000082d00000, 0x0000000082c00000| Untracked 
|  17|0x0000000082d00000, 0x0000000082ddb950, 0x0000000082e00000| 85%| O|  |TAMS 0x0000000082ddb950, 0x0000000082d00000| Untracked 
|  18|0x0000000082e00000, 0x0000000082f00000, 0x0000000082f00000|100%| O|  |TAMS 0x0000000082f00000, 0x0000000082e00000| Untracked 
|  19|0x0000000082f00000, 0x0000000083000000, 0x0000000083000000|100%| O|  |TAMS 0x0000000083000000, 0x0000000082f00000| Untracked 
|  20|0x0000000083000000, 0x00000000830ffff8, 0x0000000083100000| 99%| O|  |TAMS 0x00000000830ffff8, 0x0000000083000000| Untracked 
|  21|0x0000000083100000, 0x000000008312ab08, 0x0000000083200000| 16%| O|  |TAMS 0x000000008312ab08, 0x0000000083100000| Untracked 
|  22|0x0000000083200000, 0x0000000083300000, 0x0000000083300000|100%| O|  |TAMS 0x0000000083300000, 0x0000000083200000| Untracked 
|  23|0x0000000083300000, 0x0000000083326268, 0x0000000083400000| 14%| O|  |TAMS 0x0000000083326268, 0x0000000083300000| Untracked 
|  24|0x0000000083400000, 0x0000000083500000, 0x0000000083500000|100%| O|  |TAMS 0x0000000083500000, 0x0000000083400000| Untracked 
|  25|0x0000000083500000, 0x0000000083600000, 0x0000000083600000|100%| O|  |TAMS 0x0000000083600000, 0x0000000083500000| Untracked 
|  26|0x0000000083600000, 0x0000000083700000, 0x0000000083700000|100%| O|  |TAMS 0x0000000083600000, 0x0000000083600000| Untracked 
|  27|0x0000000083700000, 0x00000000837bac00, 0x0000000083800000| 72%| O|  |TAMS 0x0000000083700000, 0x0000000083700000| Untracked 
|  28|0x0000000083800000, 0x0000000083800000, 0x0000000083900000|  0%| F|  |TAMS 0x0000000083800000, 0x0000000083800000| Untracked 
|  29|0x0000000083900000, 0x0000000083900000, 0x0000000083a00000|  0%| F|  |TAMS 0x0000000083900000, 0x0000000083900000| Untracked 
|  30|0x0000000083a00000, 0x0000000083a00000, 0x0000000083b00000|  0%| F|  |TAMS 0x0000000083a00000, 0x0000000083a00000| Untracked 
|  31|0x0000000083b00000, 0x0000000083b00000, 0x0000000083c00000|  0%| F|  |TAMS 0x0000000083b00000, 0x0000000083b00000| Untracked 
|  32|0x0000000083c00000, 0x0000000083c00000, 0x0000000083d00000|  0%| F|  |TAMS 0x0000000083c00000, 0x0000000083c00000| Untracked 
|  33|0x0000000083d00000, 0x0000000083d00000, 0x0000000083e00000|  0%| F|  |TAMS 0x0000000083d00000, 0x0000000083d00000| Untracked 
|  34|0x0000000083e00000, 0x0000000083e00000, 0x0000000083f00000|  0%| F|  |TAMS 0x0000000083e00000, 0x0000000083e00000| Untracked 
|  35|0x0000000083f00000, 0x0000000084000000, 0x0000000084000000|100%| S|CS|TAMS 0x0000000083f00000, 0x0000000083f00000| Complete 
|  36|0x0000000084000000, 0x0000000084100000, 0x0000000084100000|100%| S|CS|TAMS 0x0000000084000000, 0x0000000084000000| Complete 
|  37|0x0000000084100000, 0x0000000084100000, 0x0000000084200000|  0%| F|  |TAMS 0x0000000084100000, 0x0000000084100000| Untracked 
|  38|0x0000000084200000, 0x0000000084200000, 0x0000000084300000|  0%| F|  |TAMS 0x0000000084200000, 0x0000000084200000| Untracked 
|  39|0x0000000084300000, 0x0000000084300000, 0x0000000084400000|  0%| F|  |TAMS 0x0000000084300000, 0x0000000084300000| Untracked 
|  40|0x0000000084400000, 0x0000000084400000, 0x0000000084500000|  0%| F|  |TAMS 0x0000000084400000, 0x0000000084400000| Untracked 
|  41|0x0000000084500000, 0x0000000084500000, 0x0000000084600000|  0%| F|  |TAMS 0x0000000084500000, 0x0000000084500000| Untracked 
|  42|0x0000000084600000, 0x0000000084600000, 0x0000000084700000|  0%| F|  |TAMS 0x0000000084600000, 0x0000000084600000| Untracked 
|  43|0x0000000084700000, 0x0000000084700000, 0x0000000084800000|  0%| F|  |TAMS 0x0000000084700000, 0x0000000084700000| Untracked 
|  44|0x0000000084800000, 0x0000000084800000, 0x0000000084900000|  0%| F|  |TAMS 0x0000000084800000, 0x0000000084800000| Untracked 
|  45|0x0000000084900000, 0x0000000084900000, 0x0000000084a00000|  0%| F|  |TAMS 0x0000000084900000, 0x0000000084900000| Untracked 
|  46|0x0000000084a00000, 0x0000000084a00000, 0x0000000084b00000|  0%| F|  |TAMS 0x0000000084a00000, 0x0000000084a00000| Untracked 
|  47|0x0000000084b00000, 0x0000000084b00000, 0x0000000084c00000|  0%| F|  |TAMS 0x0000000084b00000, 0x0000000084b00000| Untracked 
|  48|0x0000000084c00000, 0x0000000084c00000, 0x0000000084d00000|  0%| F|  |TAMS 0x0000000084c00000, 0x0000000084c00000| Untracked 
| 122|0x0000000089600000, 0x0000000089600000, 0x0000000089700000|  0%| F|  |TAMS 0x0000000089600000, 0x0000000089600000| Untracked 
| 123|0x0000000089700000, 0x00000000897b3c18, 0x0000000089800000| 70%| E|  |TAMS 0x0000000089700000, 0x0000000089700000| Complete 
| 124|0x0000000089800000, 0x0000000089900000, 0x0000000089900000|100%| E|CS|TAMS 0x0000000089800000, 0x0000000089800000| Complete 
| 125|0x0000000089900000, 0x0000000089a00000, 0x0000000089a00000|100%| E|CS|TAMS 0x0000000089900000, 0x0000000089900000| Complete 
| 127|0x0000000089b00000, 0x0000000089c00000, 0x0000000089c00000|100%| E|CS|TAMS 0x0000000089b00000, 0x0000000089b00000| Complete 

Card table byte_map: [0x000001f824420000,0x000001f824820000] _byte_map_base: 0x000001f824012000

Marking Bits (Prev, Next): (CMBitMap*) 0x000001f80fbc4c50, (CMBitMap*) 0x000001f80fbc4c90
 Prev Bits: [0x000001f824c20000, 0x000001f826bb0000)
 Next Bits: [0x000001f826bb0000, 0x000001f828b40000)

Polling page: 0x000001f80fc40000

Metaspace:

Usage:
  Non-class:     61.68 MB used.
      Class:      9.01 MB used.
       Both:     70.69 MB used.

Virtual space:
  Non-class space:       64.00 MB reserved,      61.94 MB ( 97%) committed,  8 nodes.
      Class space:        1.00 GB reserved,       9.19 MB ( <1%) committed,  1 nodes.
             Both:        1.06 GB reserved,      71.12 MB (  7%) committed. 

Chunk freelists:
   Non-Class:  1.61 MB
       Class:  2.83 MB
        Both:  4.43 MB

MaxMetaspaceSize: unlimited
CompressedClassSpaceSize: 1.00 GB
Initial GC threshold: 21.00 MB
Current GC threshold: 118.44 MB
CDS: off
MetaspaceReclaimPolicy: balanced
 - commit_granule_bytes: 65536.
 - commit_granule_words: 8192.
 - virtual_space_node_default_size: 1048576.
 - enlarge_chunks_in_place: 1.
 - new_chunks_are_fully_committed: 0.
 - uncommit_free_chunks: 1.
 - use_allocation_guard: 0.
 - handle_deallocations: 1.


Internal statistics:

num_allocs_failed_limit: 8.
num_arena_births: 594.
num_arena_deaths: 54.
num_vsnodes_births: 9.
num_vsnodes_deaths: 0.
num_space_committed: 1138.
num_space_uncommitted: 0.
num_chunks_returned_to_freelist: 71.
num_chunks_taken_from_freelist: 2900.
num_chunk_merges: 15.
num_chunk_splits: 1942.
num_chunks_enlarged: 1469.
num_purges: 2.
num_inconsistent_stats: 0.

CodeHeap 'non-profiled nmethods': size=120000Kb used=5161Kb max_used=5161Kb free=114838Kb
 bounds [0x000001f81c4c0000, 0x000001f81c9d0000, 0x000001f8239f0000]
CodeHeap 'profiled nmethods': size=120000Kb used=14233Kb max_used=14233Kb free=105766Kb
 bounds [0x000001f814f90000, 0x000001f815d80000, 0x000001f81c4c0000]
CodeHeap 'non-nmethods': size=5760Kb used=1326Kb max_used=1387Kb free=4433Kb
 bounds [0x000001f8149f0000, 0x000001f814c60000, 0x000001f814f90000]
 total_blobs=7410 nmethods=6756 adapters=565
 compilation: enabled
              stopped_count=0, restarted_count=0
 full_count=0

Compilation events (20 events):
Event: 2563.624 Thread 0x000001f82bc25ad0 7585       1       java.lang.Thread::getThreadGroup (5 bytes)
Event: 2563.624 Thread 0x000001f82bc25ad0 nmethod 7585 0x000001f81c9c9f90 code [0x000001f81c9ca120, 0x000001f81c9ca1f8]
Event: 2563.646 Thread 0x000001f82bc25ad0 7586       2       org.springframework.core.SerializableTypeWrapper::unwrap (34 bytes)
Event: 2563.646 Thread 0x000001f82bc25ad0 nmethod 7586 0x000001f815d72a10 code [0x000001f815d72bc0, 0x000001f815d72dd8]
Event: 2563.649 Thread 0x000001f82bc25ad0 7587       3       org.springframework.boot.autoconfigure.condition.ConditionEvaluationReport$ConditionAndOutcomes::isFullMatch (41 bytes)
Event: 2563.649 Thread 0x000001f82bc25ad0 nmethod 7587 0x000001f815d72e90 code [0x000001f815d730c0, 0x000001f815d73a58]
Event: 2563.650 Thread 0x000001f82bc25ad0 7588       3       org.springframework.boot.autoconfigure.condition.ConditionEvaluationReport$$Lambda$1247/0x00000001008e6000::<init> (15 bytes)
Event: 2563.650 Thread 0x000001f82bc25ad0 nmethod 7588 0x000001f815d73d90 code [0x000001f815d73f40, 0x000001f815d74158]
Event: 2563.672 Thread 0x000001f82bc25ad0 7589       3       org.springframework.boot.autoconfigure.condition.ConditionEvaluationReport::addNoMatchOutcomeToAncestors (37 bytes)
Event: 2563.673 Thread 0x000001f82bc25ad0 nmethod 7589 0x000001f815d74210 code [0x000001f815d744a0, 0x000001f815d74fe8]
Event: 2563.676 Thread 0x000001f82bc25ad0 7590       3       org.springframework.context.event.GenericApplicationListenerAdapter::resolveDeclaredEventType (41 bytes)
Event: 2563.676 Thread 0x000001f82bc25ad0 nmethod 7590 0x000001f815d75410 code [0x000001f815d75600, 0x000001f815d759b8]
Event: 2563.678 Thread 0x000001f82bc25ad0 7591       3       org.springframework.boot.autoconfigure.condition.ConditionEvaluationReport$$Lambda$1302/0x000000010091e708::accept (20 bytes)
Event: 2563.678 Thread 0x000001f82bc25ad0 nmethod 7591 0x000001f815d75b10 code [0x000001f815d75cc0, 0x000001f815d75fe8]
Event: 2563.678 Thread 0x000001f82bc25ad0 7592       3       org.springframework.boot.autoconfigure.condition.ConditionEvaluationReport::lambda$getDelta$3 (44 bytes)
Event: 2563.679 Thread 0x000001f82bc25ad0 nmethod 7592 0x000001f815d76110 code [0x000001f815d76300, 0x000001f815d76828]
Event: 2563.679 Thread 0x000001f82bc25ad0 7593       1       sun.util.calendar.CalendarDate::getMonth (5 bytes)
Event: 2563.679 Thread 0x000001f82bc25ad0 nmethod 7593 0x000001f81c9ca290 code [0x000001f81c9ca420, 0x000001f81c9ca4f8]
Event: 2563.772 Thread 0x000001f82bc25ad0 7594       3       java.nio.channels.spi.AbstractInterruptibleChannel::isOpen (13 bytes)
Event: 2563.773 Thread 0x000001f82bc25ad0 nmethod 7594 0x000001f815d76a10 code [0x000001f815d76ba0, 0x000001f815d76d18]

GC Heap History (20 events):
Event: 1778.664 GC heap before
{Heap before GC invocations=39 (full 0):
 garbage-first heap   total 53248K, used 29694K [0x0000000081c00000, 0x0000000100000000)
  region size 1024K, 2 young (2048K), 1 survivors (1024K)
 Metaspace       used 71000K, committed 71424K, reserved 1114112K
  class space    used 9153K, committed 9344K, reserved 1048576K
}
Event: 1778.669 GC heap after
{Heap after GC invocations=40 (full 0):
 garbage-first heap   total 53248K, used 28506K [0x0000000081c00000, 0x0000000100000000)
  region size 1024K, 1 young (1024K), 1 survivors (1024K)
 Metaspace       used 71000K, committed 71424K, reserved 1114112K
  class space    used 9153K, committed 9344K, reserved 1048576K
}
Event: 1963.580 GC heap before
{Heap before GC invocations=40 (full 0):
 garbage-first heap   total 53248K, used 43866K [0x0000000081c00000, 0x0000000100000000)
  region size 1024K, 16 young (16384K), 1 survivors (1024K)
 Metaspace       used 71136K, committed 71552K, reserved 1114112K
  class space    used 9156K, committed 9344K, reserved 1048576K
}
Event: 1963.582 GC heap after
{Heap after GC invocations=41 (full 0):
 garbage-first heap   total 53248K, used 28978K [0x0000000081c00000, 0x0000000100000000)
  region size 1024K, 1 young (1024K), 1 survivors (1024K)
 Metaspace       used 71136K, committed 71552K, reserved 1114112K
  class space    used 9156K, committed 9344K, reserved 1048576K
}
Event: 2556.377 GC heap before
{Heap before GC invocations=42 (full 0):
 garbage-first heap   total 53248K, used 44338K [0x0000000081c00000, 0x0000000100000000)
  region size 1024K, 16 young (16384K), 1 survivors (1024K)
 Metaspace       used 71160K, committed 71552K, reserved 1114112K
  class space    used 9158K, committed 9344K, reserved 1048576K
}
Event: 2556.380 GC heap after
{Heap after GC invocations=43 (full 0):
 garbage-first heap   total 53248K, used 29014K [0x0000000081c00000, 0x0000000100000000)
  region size 1024K, 1 young (1024K), 1 survivors (1024K)
 Metaspace       used 71160K, committed 71552K, reserved 1114112K
  class space    used 9158K, committed 9344K, reserved 1048576K
}
Event: 2556.557 GC heap before
{Heap before GC invocations=43 (full 0):
 garbage-first heap   total 53248K, used 30038K [0x0000000081c00000, 0x0000000100000000)
  region size 1024K, 2 young (2048K), 1 survivors (1024K)
 Metaspace       used 71279K, committed 71680K, reserved 1114112K
  class space    used 9176K, committed 9344K, reserved 1048576K
}
Event: 2556.560 GC heap after
{Heap after GC invocations=44 (full 0):
 garbage-first heap   total 53248K, used 28697K [0x0000000081c00000, 0x0000000100000000)
  region size 1024K, 1 young (1024K), 1 survivors (1024K)
 Metaspace       used 71279K, committed 71680K, reserved 1114112K
  class space    used 9176K, committed 9344K, reserved 1048576K
}
Event: 2556.621 GC heap before
{Heap before GC invocations=44 (full 0):
 garbage-first heap   total 53248K, used 28697K [0x0000000081c00000, 0x0000000100000000)
  region size 1024K, 2 young (2048K), 1 survivors (1024K)
 Metaspace       used 71284K, committed 71680K, reserved 1114112K
  class space    used 9177K, committed 9344K, reserved 1048576K
}
Event: 2556.718 GC heap after
{Heap after GC invocations=45 (full 1):
 garbage-first heap   total 53248K, used 20657K [0x0000000081c00000, 0x0000000100000000)
  region size 1024K, 0 young (0K), 0 survivors (0K)
 Metaspace       used 71222K, committed 71680K, reserved 1114112K
  class space    used 9164K, committed 9344K, reserved 1048576K
}
Event: 2559.213 GC heap before
{Heap before GC invocations=45 (full 1):
 garbage-first heap   total 53248K, used 43185K [0x0000000081c00000, 0x0000000100000000)
  region size 1024K, 22 young (22528K), 0 survivors (0K)
 Metaspace       used 71520K, committed 71936K, reserved 1114112K
  class space    used 9185K, committed 9344K, reserved 1048576K
}
Event: 2559.217 GC heap after
{Heap after GC invocations=46 (full 1):
 garbage-first heap   total 53248K, used 22686K [0x0000000081c00000, 0x0000000100000000)
  region size 1024K, 2 young (2048K), 2 survivors (2048K)
 Metaspace       used 71520K, committed 71936K, reserved 1114112K
  class space    used 9185K, committed 9344K, reserved 1048576K
}
Event: 2560.527 GC heap before
{Heap before GC invocations=47 (full 1):
 garbage-first heap   total 53248K, used 42142K [0x0000000081c00000, 0x0000000100000000)
  region size 1024K, 21 young (21504K), 2 survivors (2048K)
 Metaspace       used 71796K, committed 72192K, reserved 1114112K
  class space    used 9199K, committed 9408K, reserved 1048576K
}
Event: 2560.533 GC heap after
{Heap after GC invocations=48 (full 1):
 garbage-first heap   total 53248K, used 24913K [0x0000000081c00000, 0x0000000100000000)
  region size 1024K, 3 young (3072K), 3 survivors (3072K)
 Metaspace       used 71796K, committed 72192K, reserved 1114112K
  class space    used 9199K, committed 9408K, reserved 1048576K
}
Event: 2561.138 GC heap before
{Heap before GC invocations=48 (full 1):
 garbage-first heap   total 53248K, used 40273K [0x0000000081c00000, 0x0000000100000000)
  region size 1024K, 18 young (18432K), 3 survivors (3072K)
 Metaspace       used 72029K, committed 72448K, reserved 1114112K
  class space    used 9206K, committed 9408K, reserved 1048576K
}
Event: 2561.143 GC heap after
{Heap after GC invocations=49 (full 1):
 garbage-first heap   total 53248K, used 25987K [0x0000000081c00000, 0x0000000100000000)
  region size 1024K, 2 young (2048K), 2 survivors (2048K)
 Metaspace       used 72029K, committed 72448K, reserved 1114112K
  class space    used 9206K, committed 9408K, reserved 1048576K
}
Event: 2561.995 GC heap before
{Heap before GC invocations=50 (full 1):
 garbage-first heap   total 53248K, used 40323K [0x0000000081c00000, 0x0000000100000000)
  region size 1024K, 16 young (16384K), 2 survivors (2048K)
 Metaspace       used 72151K, committed 72576K, reserved 1114112K
  class space    used 9212K, committed 9408K, reserved 1048576K
}
Event: 2561.999 GC heap after
{Heap after GC invocations=51 (full 1):
 garbage-first heap   total 53248K, used 26512K [0x0000000081c00000, 0x0000000100000000)
  region size 1024K, 2 young (2048K), 2 survivors (2048K)
 Metaspace       used 72151K, committed 72576K, reserved 1114112K
  class space    used 9212K, committed 9408K, reserved 1048576K
}
Event: 2563.254 GC heap before
{Heap before GC invocations=51 (full 1):
 garbage-first heap   total 53248K, used 40848K [0x0000000081c00000, 0x0000000100000000)
  region size 1024K, 16 young (16384K), 2 survivors (2048K)
 Metaspace       used 72348K, committed 72768K, reserved 1114112K
  class space    used 9224K, committed 9408K, reserved 1048576K
}
Event: 2563.262 GC heap after
{Heap after GC invocations=52 (full 1):
 garbage-first heap   total 53248K, used 28572K [0x0000000081c00000, 0x0000000100000000)
  region size 1024K, 2 young (2048K), 2 survivors (2048K)
 Metaspace       used 72348K, committed 72768K, reserved 1114112K
  class space    used 9224K, committed 9408K, reserved 1048576K
}

Deoptimization events (20 events):
Event: 2562.471 Thread 0x000001f82c647570 Uncommon trap: trap_request=0xffffffde fr.pc=0x000001f81c5e4bdc relative=0x000000000000013c
Event: 2562.471 Thread 0x000001f82c647570 Uncommon trap: reason=class_check action=maybe_recompile pc=0x000001f81c5e4bdc method=java.lang.reflect.Method.equals(Ljava/lang/Object;)Z @ 1 c2
Event: 2562.471 Thread 0x000001f82c647570 DEOPT PACKING pc=0x000001f81c5e4bdc sp=0x00000003fa3f9380
Event: 2562.471 Thread 0x000001f82c647570 DEOPT UNPACKING pc=0x000001f814a423a3 sp=0x00000003fa3f9308 mode 2
Event: 2562.483 Thread 0x000001f82c647570 Uncommon trap: trap_request=0xffffffde fr.pc=0x000001f81c8b2460 relative=0x0000000000000b80
Event: 2562.483 Thread 0x000001f82c647570 Uncommon trap: reason=class_check action=maybe_recompile pc=0x000001f81c8b2460 method=org.springframework.core.SerializableTypeWrapper.unwrap(Ljava/lang/reflect/Type;)Ljava/lang/reflect/Type; @ 18 c2
Event: 2562.483 Thread 0x000001f82c647570 DEOPT PACKING pc=0x000001f81c8b2460 sp=0x00000003fa3f8310
Event: 2562.483 Thread 0x000001f82c647570 DEOPT UNPACKING pc=0x000001f814a423a3 sp=0x00000003fa3f82e8 mode 2
Event: 2562.483 Thread 0x000001f82c647570 Uncommon trap: trap_request=0xffffffde fr.pc=0x000001f81c8b2460 relative=0x0000000000000b80
Event: 2562.483 Thread 0x000001f82c647570 Uncommon trap: reason=class_check action=maybe_recompile pc=0x000001f81c8b2460 method=org.springframework.core.SerializableTypeWrapper.unwrap(Ljava/lang/reflect/Type;)Ljava/lang/reflect/Type; @ 18 c2
Event: 2562.483 Thread 0x000001f82c647570 DEOPT PACKING pc=0x000001f81c8b2460 sp=0x00000003fa3f8190
Event: 2562.483 Thread 0x000001f82c647570 DEOPT UNPACKING pc=0x000001f814a423a3 sp=0x00000003fa3f8160 mode 2
Event: 2562.483 Thread 0x000001f82c647570 Uncommon trap: trap_request=0xffffffde fr.pc=0x000001f81c8b2608 relative=0x0000000000000d28
Event: 2562.483 Thread 0x000001f82c647570 Uncommon trap: reason=class_check action=maybe_recompile pc=0x000001f81c8b2608 method=org.springframework.core.SerializableTypeWrapper.unwrap(Ljava/lang/reflect/Type;)Ljava/lang/reflect/Type; @ 10 c2
Event: 2562.483 Thread 0x000001f82c647570 DEOPT PACKING pc=0x000001f81c8b2608 sp=0x00000003fa3f80a0
Event: 2562.483 Thread 0x000001f82c647570 DEOPT UNPACKING pc=0x000001f814a423a3 sp=0x00000003fa3f8070 mode 2
Event: 2562.574 Thread 0x000001f82c647570 Uncommon trap: trap_request=0xffffffde fr.pc=0x000001f81c8b2460 relative=0x0000000000000b80
Event: 2562.574 Thread 0x000001f82c647570 Uncommon trap: reason=class_check action=maybe_recompile pc=0x000001f81c8b2460 method=org.springframework.core.SerializableTypeWrapper.unwrap(Ljava/lang/reflect/Type;)Ljava/lang/reflect/Type; @ 18 c2
Event: 2562.574 Thread 0x000001f82c647570 DEOPT PACKING pc=0x000001f81c8b2460 sp=0x00000003fa3f7a90
Event: 2562.574 Thread 0x000001f82c647570 DEOPT UNPACKING pc=0x000001f814a423a3 sp=0x00000003fa3f7a68 mode 2

Classes unloaded (20 events):
Event: 2556.648 Thread 0x000001f82b18f6f0 Unloading class 0x0000000100348800 'jdk/internal/reflect/GeneratedConstructorAccessor11'
Event: 2556.648 Thread 0x000001f82b18f6f0 Unloading class 0x0000000100348400 'jdk/internal/reflect/GeneratedConstructorAccessor10'
Event: 2556.648 Thread 0x000001f82b18f6f0 Unloading class 0x0000000100348000 'jdk/internal/reflect/GeneratedConstructorAccessor9'
Event: 2556.648 Thread 0x000001f82b18f6f0 Unloading class 0x000000010033c400 'jdk/internal/reflect/GeneratedConstructorAccessor8'
Event: 2556.648 Thread 0x000001f82b18f6f0 Unloading class 0x0000000100324400 'java/lang/invoke/LambdaForm$DMH+0x0000000100324400'
Event: 2556.648 Thread 0x000001f82b18f6f0 Unloading class 0x00000001002b6800 'java/lang/invoke/LambdaForm$MH+0x00000001002b6800'
Event: 2556.648 Thread 0x000001f82b18f6f0 Unloading class 0x00000001002b6400 'java/lang/invoke/LambdaForm$MH+0x00000001002b6400'
Event: 2556.648 Thread 0x000001f82b18f6f0 Unloading class 0x00000001002b6000 'java/lang/invoke/LambdaForm$MH+0x00000001002b6000'
Event: 2556.648 Thread 0x000001f82b18f6f0 Unloading class 0x00000001002b5c00 'java/lang/invoke/LambdaForm$MH+0x00000001002b5c00'
Event: 2556.648 Thread 0x000001f82b18f6f0 Unloading class 0x00000001002b5400 'java/lang/invoke/LambdaForm$MH+0x00000001002b5400'
Event: 2556.648 Thread 0x000001f82b18f6f0 Unloading class 0x00000001002b5000 'java/lang/invoke/LambdaForm$MH+0x00000001002b5000'
Event: 2556.648 Thread 0x000001f82b18f6f0 Unloading class 0x00000001002b4c00 'java/lang/invoke/LambdaForm$MH+0x00000001002b4c00'
Event: 2556.648 Thread 0x000001f82b18f6f0 Unloading class 0x00000001002b4800 'java/lang/invoke/LambdaForm$MH+0x00000001002b4800'
Event: 2556.648 Thread 0x000001f82b18f6f0 Unloading class 0x0000000100210800 'jdk/internal/reflect/GeneratedConstructorAccessor3'
Event: 2556.648 Thread 0x000001f82b18f6f0 Unloading class 0x00000001001a9c00 'java/lang/invoke/LambdaForm$MH+0x00000001001a9c00'
Event: 2556.648 Thread 0x000001f82b18f6f0 Unloading class 0x00000001001a9400 'java/lang/invoke/LambdaForm$MH+0x00000001001a9400'
Event: 2556.648 Thread 0x000001f82b18f6f0 Unloading class 0x00000001001a9000 'java/lang/invoke/LambdaForm$MH+0x00000001001a9000'
Event: 2556.648 Thread 0x000001f82b18f6f0 Unloading class 0x00000001001a8c00 'java/lang/invoke/LambdaForm$MH+0x00000001001a8c00'
Event: 2556.648 Thread 0x000001f82b18f6f0 Unloading class 0x00000001001a8400 'java/lang/invoke/LambdaForm$MH+0x00000001001a8400'
Event: 2556.648 Thread 0x000001f82b18f6f0 Unloading class 0x00000001001a5400 'java/lang/invoke/LambdaForm$MH+0x00000001001a5400'

Classes redefined (0 events):
No events

Internal exceptions (20 events):
Event: 2559.617 Thread 0x000001f82c647570 Exception <a 'java/lang/NoClassDefFoundError'{0x00000000898adab0}: liquibase/integration/spring/SpringLiquibase> (0x00000000898adab0) 
thrown [e:\jenkins\tmp\workspace\build\src\src\hotspot\share\oops\constantPool.cpp, line 835]
Event: 2559.668 Thread 0x000001f82c647570 Exception <a 'java/lang/NoClassDefFoundError'{0x00000000897171f8}: org/jooq/DSLContext> (0x00000000897171f8) 
thrown [e:\jenkins\tmp\workspace\build\src\src\hotspot\share\oops\constantPool.cpp, line 835]
Event: 2559.673 Thread 0x000001f82c647570 Exception <a 'java/lang/NoClassDefFoundError'{0x000000008971f200}: org/springframework/batch/core/repository/JobRepository> (0x000000008971f200) 
thrown [e:\jenkins\tmp\workspace\build\src\src\hotspot\share\oops\constantPool.cpp, line 835]
Event: 2559.673 Thread 0x000001f82c647570 Exception <a 'java/lang/NoClassDefFoundError'{0x000000008971f848}: org/quartz/Scheduler> (0x000000008971f848) 
thrown [e:\jenkins\tmp\workspace\build\src\src\hotspot\share\oops\constantPool.cpp, line 835]
Event: 2559.673 Thread 0x000001f82c647570 Exception <a 'java/lang/NoClassDefFoundError'{0x000000008971feb8}: org/springframework/session/jdbc/JdbcIndexedSessionRepository> (0x000000008971feb8) 
thrown [e:\jenkins\tmp\workspace\build\src\src\hotspot\share\oops\constantPool.cpp, line 835]
Event: 2559.989 Thread 0x000001f82c647570 Exception <a 'sun/nio/fs/WindowsException'{0x0000000084648d50}> (0x0000000084648d50) 
thrown [e:\jenkins\tmp\workspace\build\src\src\hotspot\share\prims\jni.cpp, line 516]
Event: 2559.989 Thread 0x000001f82c647570 Exception <a 'sun/nio/fs/WindowsException'{0x0000000084649460}> (0x0000000084649460) 
thrown [e:\jenkins\tmp\workspace\build\src\src\hotspot\share\prims\jni.cpp, line 516]
Event: 2559.990 Thread 0x000001f82c647570 Exception <a 'sun/nio/fs/WindowsException'{0x0000000084649b58}> (0x0000000084649b58) 
thrown [e:\jenkins\tmp\workspace\build\src\src\hotspot\share\prims\jni.cpp, line 516]
Event: 2560.039 Thread 0x000001f82c647570 Exception <a 'java/io/FileNotFoundException'{0x00000000846800f0}> (0x00000000846800f0) 
thrown [e:\jenkins\tmp\workspace\build\src\src\hotspot\share\prims\jni.cpp, line 516]
Event: 2560.124 Thread 0x000001f82c647570 Exception <a 'java/io/FileNotFoundException'{0x000000008442ffd0}> (0x000000008442ffd0) 
thrown [e:\jenkins\tmp\workspace\build\src\src\hotspot\share\prims\jni.cpp, line 516]
Event: 2560.466 Thread 0x000001f82c647570 Implicit null exception at 0x000001f81c517d11 to 0x000001f81c51825c
Event: 2561.179 Thread 0x000001f82c647570 Exception <a 'java/lang/ClassNotFoundException'{0x0000000089bc81c8}: java/lang/ObjectCustomizer> (0x0000000089bc81c8) 
thrown [e:\jenkins\tmp\workspace\build\src\src\hotspot\share\classfile\systemDictionary.cpp, line 256]
Event: 2561.181 Thread 0x000001f82c647570 Exception <a 'java/lang/ClassNotFoundException'{0x0000000089bd19a8}: com/generation/blogpessoal/model/PostagensCustomizer> (0x0000000089bd19a8) 
thrown [e:\jenkins\tmp\workspace\build\src\src\hotspot\share\classfile\systemDictionary.cpp, line 256]
Event: 2561.216 Thread 0x000001f82c647570 Exception <a 'java/lang/ClassNotFoundException'{0x0000000089915318}: java/lang/ObjectCustomizer> (0x0000000089915318) 
thrown [e:\jenkins\tmp\workspace\build\src\src\hotspot\share\classfile\systemDictionary.cpp, line 256]
Event: 2561.228 Thread 0x000001f82c647570 Exception <a 'java/lang/ClassNotFoundException'{0x000000008991e4f0}: com/generation/blogpessoal/model/TemasCustomizer> (0x000000008991e4f0) 
thrown [e:\jenkins\tmp\workspace\build\src\src\hotspot\share\classfile\systemDictionary.cpp, line 256]
Event: 2561.315 Thread 0x000001f82c647570 Exception <a 'java/lang/ClassNotFoundException'{0x000000008995d928}: java/lang/ObjectCustomizer> (0x000000008995d928) 
thrown [e:\jenkins\tmp\workspace\build\src\src\hotspot\share\classfile\systemDictionary.cpp, line 256]
Event: 2561.317 Thread 0x000001f82c647570 Exception <a 'java/lang/ClassNotFoundException'{0x0000000089966c50}: com/generation/blogpessoal/model/UsuariosCustomizer> (0x0000000089966c50) 
thrown [e:\jenkins\tmp\workspace\build\src\src\hotspot\share\classfile\systemDictionary.cpp, line 256]
Event: 2561.798 Thread 0x000001f82c647570 Exception <a 'java/lang/reflect/InvocationTargetException'{0x0000000084952d28}> (0x0000000084952d28) 
thrown [e:\jenkins\tmp\workspace\build\src\src\hotspot\share\runtime\reflection.cpp, line 1121]
Event: 2561.910 Thread 0x000001f82c647570 Exception <a 'java/lang/reflect/InvocationTargetException'{0x000000008447f0b0}> (0x000000008447f0b0) 
thrown [e:\jenkins\tmp\workspace\build\src\src\hotspot\share\runtime\reflection.cpp, line 1121]
Event: 2562.058 Thread 0x000001f82c647570 Exception <a 'java/lang/reflect/InvocationTargetException'{0x000000008988f238}> (0x000000008988f238) 
thrown [e:\jenkins\tmp\workspace\build\src\src\hotspot\share\runtime\reflection.cpp, line 1121]

VM Operations (20 events):
Event: 2560.527 Executing VM operation: G1CollectForAllocation
Event: 2560.534 Executing VM operation: G1CollectForAllocation done
Event: 2561.117 Executing VM operation: ICBufferFull
Event: 2561.117 Executing VM operation: ICBufferFull done
Event: 2561.138 Executing VM operation: G1CollectForAllocation
Event: 2561.143 Executing VM operation: G1CollectForAllocation done
Event: 2561.229 Executing VM operation: G1Concurrent
Event: 2561.240 Executing VM operation: G1Concurrent done
Event: 2561.279 Executing VM operation: G1Concurrent
Event: 2561.307 Executing VM operation: G1Concurrent done
Event: 2561.995 Executing VM operation: G1CollectForAllocation
Event: 2561.999 Executing VM operation: G1CollectForAllocation done
Event: 2563.007 Executing VM operation: Cleanup
Event: 2563.026 Executing VM operation: Cleanup done
Event: 2563.254 Executing VM operation: G1CollectForAllocation
Event: 2563.262 Executing VM operation: G1CollectForAllocation done
Event: 2563.375 Executing VM operation: G1Concurrent
Event: 2563.386 Executing VM operation: G1Concurrent done
Event: 2563.422 Executing VM operation: G1Concurrent
Event: 2563.427 Executing VM operation: G1Concurrent done

Events (20 events):
Event: 2561.315 loading class java/lang/ObjectCustomizer done
Event: 2561.315 loading class java/lang/ObjectCustomizer
Event: 2561.315 loading class java/lang/ObjectCustomizer done
Event: 2562.449 loading class java/time/DurationEditor
Event: 2562.449 loading class java/time/DurationEditor done
Event: 2563.432 Thread 0x000001f82c64df50 Thread added: 0x000001f82c64df50
Event: 2563.624 Thread 0x000001f82c64a0c0 Thread added: 0x000001f82c64a0c0
Event: 2563.641 Thread 0x000001f82c64da80 Thread added: 0x000001f82c64da80
Event: 2563.641 Thread 0x000001f82c64d0e0 Thread added: 0x000001f82c64d0e0
Event: 2563.641 Thread 0x000001f82c649720 Thread added: 0x000001f82c649720
Event: 2563.641 Thread 0x000001f82c64c270 Thread added: 0x000001f82c64c270
Event: 2563.641 Thread 0x000001f82c64d5b0 Thread added: 0x000001f82c64d5b0
Event: 2563.641 Thread 0x000001f82c647f10 Thread added: 0x000001f82c647f10
Event: 2563.642 Thread 0x000001f82c64e420 Thread added: 0x000001f82c64e420
Event: 2563.642 Thread 0x000001f82c6483e0 Thread added: 0x000001f82c6483e0
Event: 2563.642 Thread 0x000001f82c64e8f0 Thread added: 0x000001f82c64e8f0
Event: 2563.645 Thread 0x000001f82c6470a0 Thread added: 0x000001f82c6470a0
Event: 2563.645 Thread 0x000001f82c64af30 Thread added: 0x000001f82c64af30
Event: 2563.680 Thread 0x000001f82c648d80 Thread exited: 0x000001f82c648d80
Event: 2563.680 Thread 0x000001f82c647570 Thread exited: 0x000001f82c647570


Dynamic libraries:
0x00007ff755670000 - 0x00007ff75567e000 	C:\Users\Usuario\Downloads\sts-4.15.1.RELEASE\plugins\org.eclipse.justj.openjdk.hotspot.jre.full.win32.x86_64_17.0.3.v20220515-1416\jre\bin\javaw.exe
0x00007ff9ac6d0000 - 0x00007ff9ac8c8000 	C:\Windows\SYSTEM32\ntdll.dll
0x00007ff9ab1d0000 - 0x00007ff9ab28d000 	C:\Windows\System32\KERNEL32.DLL
0x00007ff9aa040000 - 0x00007ff9aa30e000 	C:\Windows\System32\KERNELBASE.dll
0x00007ff9a9f40000 - 0x00007ff9aa040000 	C:\Windows\System32\ucrtbase.dll
0x00007ff9670f0000 - 0x00007ff967108000 	C:\Users\Usuario\Downloads\sts-4.15.1.RELEASE\plugins\org.eclipse.justj.openjdk.hotspot.jre.full.win32.x86_64_17.0.3.v20220515-1416\jre\bin\jli.dll
0x00007ff9ac030000 - 0x00007ff9ac1d0000 	C:\Windows\System32\USER32.dll
0x00007ff9a9e90000 - 0x00007ff9a9eb2000 	C:\Windows\System32\win32u.dll
0x00007ff9ab6b0000 - 0x00007ff9ab6da000 	C:\Windows\System32\GDI32.dll
0x00007ff9aa620000 - 0x00007ff9aa72b000 	C:\Windows\System32\gdi32full.dll
0x00007ff9a9df0000 - 0x00007ff9a9e8d000 	C:\Windows\System32\msvcp_win.dll
0x00007ff94f860000 - 0x00007ff94f879000 	C:\Users\Usuario\Downloads\sts-4.15.1.RELEASE\plugins\org.eclipse.justj.openjdk.hotspot.jre.full.win32.x86_64_17.0.3.v20220515-1416\jre\bin\VCRUNTIME140.dll
0x00007ff991970000 - 0x00007ff991c0a000 	C:\Windows\WinSxS\amd64_microsoft.windows.common-controls_6595b64144ccf1df_6.0.19041.1110_none_60b5254171f9507e\COMCTL32.dll
0x00007ff9abf90000 - 0x00007ff9ac02e000 	C:\Windows\System32\msvcrt.dll
0x00007ff9ab6e0000 - 0x00007ff9ab710000 	C:\Windows\System32\IMM32.DLL
0x00007ff99f8c0000 - 0x00007ff99f8cc000 	C:\Users\Usuario\Downloads\sts-4.15.1.RELEASE\plugins\org.eclipse.justj.openjdk.hotspot.jre.full.win32.x86_64_17.0.3.v20220515-1416\jre\bin\vcruntime140_1.dll
0x00007ff94d070000 - 0x00007ff94d101000 	C:\Users\Usuario\Downloads\sts-4.15.1.RELEASE\plugins\org.eclipse.justj.openjdk.hotspot.jre.full.win32.x86_64_17.0.3.v20220515-1416\jre\bin\msvcp140.dll
0x00007ff93dab0000 - 0x00007ff93e6f8000 	C:\Users\Usuario\Downloads\sts-4.15.1.RELEASE\plugins\org.eclipse.justj.openjdk.hotspot.jre.full.win32.x86_64_17.0.3.v20220515-1416\jre\bin\server\jvm.dll
0x00007ff9ab4d0000 - 0x00007ff9ab57e000 	C:\Windows\System32\ADVAPI32.dll
0x00007ff9ab310000 - 0x00007ff9ab3ac000 	C:\Windows\System32\sechost.dll
0x00007ff9ab580000 - 0x00007ff9ab6a5000 	C:\Windows\System32\RPCRT4.dll
0x00007ff9ab4c0000 - 0x00007ff9ab4c8000 	C:\Windows\System32\PSAPI.DLL
0x00007ff98b050000 - 0x00007ff98b077000 	C:\Windows\SYSTEM32\WINMM.dll
0x00007ff99c740000 - 0x00007ff99c74a000 	C:\Windows\SYSTEM32\VERSION.dll
0x00007ff9a44a0000 - 0x00007ff9a44a9000 	C:\Windows\SYSTEM32\WSOCK32.dll
0x00007ff9ac560000 - 0x00007ff9ac5cb000 	C:\Windows\System32\WS2_32.dll
0x00007ff9a7cf0000 - 0x00007ff9a7d02000 	C:\Windows\SYSTEM32\kernel.appcore.dll
0x00007ff9a42a0000 - 0x00007ff9a42aa000 	C:\Users\Usuario\Downloads\sts-4.15.1.RELEASE\plugins\org.eclipse.justj.openjdk.hotspot.jre.full.win32.x86_64_17.0.3.v20220515-1416\jre\bin\jimage.dll
0x00007ff9a0d30000 - 0x00007ff9a0f14000 	C:\Windows\SYSTEM32\DBGHELP.DLL
0x00007ff9a0c50000 - 0x00007ff9a0c7c000 	C:\Windows\SYSTEM32\dbgcore.DLL
0x00007ff9aa590000 - 0x00007ff9aa612000 	C:\Windows\System32\bcryptPrimitives.dll
0x00007ff988480000 - 0x00007ff9884a5000 	C:\Users\Usuario\Downloads\sts-4.15.1.RELEASE\plugins\org.eclipse.justj.openjdk.hotspot.jre.full.win32.x86_64_17.0.3.v20220515-1416\jre\bin\java.dll
0x00007ff98cac0000 - 0x00007ff98cad8000 	C:\Users\Usuario\Downloads\sts-4.15.1.RELEASE\plugins\org.eclipse.justj.openjdk.hotspot.jre.full.win32.x86_64_17.0.3.v20220515-1416\jre\bin\zip.dll
0x00007ff9aa810000 - 0x00007ff9aaf54000 	C:\Windows\System32\SHELL32.dll
0x00007ff9a7ef0000 - 0x00007ff9a8684000 	C:\Windows\SYSTEM32\windows.storage.dll
0x00007ff9ac1d0000 - 0x00007ff9ac524000 	C:\Windows\System32\combase.dll
0x00007ff9a9850000 - 0x00007ff9a9880000 	C:\Windows\SYSTEM32\Wldp.dll
0x00007ff9ab3b0000 - 0x00007ff9ab45d000 	C:\Windows\System32\SHCORE.dll
0x00007ff9abb80000 - 0x00007ff9abbd5000 	C:\Windows\System32\shlwapi.dll
0x00007ff9a9d30000 - 0x00007ff9a9d4f000 	C:\Windows\SYSTEM32\profapi.dll
0x00007ff987cc0000 - 0x00007ff987cd9000 	C:\Users\Usuario\Downloads\sts-4.15.1.RELEASE\plugins\org.eclipse.justj.openjdk.hotspot.jre.full.win32.x86_64_17.0.3.v20220515-1416\jre\bin\net.dll
0x00007ff99c530000 - 0x00007ff99c63a000 	C:\Windows\SYSTEM32\WINHTTP.dll
0x00007ff9a95b0000 - 0x00007ff9a961a000 	C:\Windows\system32\mswsock.dll
0x00007ff984b30000 - 0x00007ff984b45000 	C:\Users\Usuario\Downloads\sts-4.15.1.RELEASE\plugins\org.eclipse.justj.openjdk.hotspot.jre.full.win32.x86_64_17.0.3.v20220515-1416\jre\bin\nio.dll
0x00007ff9a3a50000 - 0x00007ff9a3a60000 	C:\Users\Usuario\Downloads\sts-4.15.1.RELEASE\plugins\org.eclipse.justj.openjdk.hotspot.jre.full.win32.x86_64_17.0.3.v20220515-1416\jre\bin\verify.dll
0x00007ff9a2340000 - 0x00007ff9a2349000 	C:\Users\Usuario\Downloads\sts-4.15.1.RELEASE\plugins\org.eclipse.justj.openjdk.hotspot.jre.full.win32.x86_64_17.0.3.v20220515-1416\jre\bin\management.dll
0x00007ff9a2200000 - 0x00007ff9a220b000 	C:\Users\Usuario\Downloads\sts-4.15.1.RELEASE\plugins\org.eclipse.justj.openjdk.hotspot.jre.full.win32.x86_64_17.0.3.v20220515-1416\jre\bin\management_ext.dll
0x00007ff98e630000 - 0x00007ff98e647000 	C:\Windows\system32\napinsp.dll
0x00007ff98e610000 - 0x00007ff98e62b000 	C:\Windows\system32\pnrpnsp.dll
0x00007ff9a4570000 - 0x00007ff9a4585000 	C:\Windows\system32\wshbth.dll
0x00007ff9a2180000 - 0x00007ff9a219d000 	C:\Windows\system32\NLAapi.dll
0x00007ff9a9250000 - 0x00007ff9a928b000 	C:\Windows\SYSTEM32\IPHLPAPI.DLL
0x00007ff9a9290000 - 0x00007ff9a935b000 	C:\Windows\SYSTEM32\DNSAPI.dll
0x00007ff9ac530000 - 0x00007ff9ac538000 	C:\Windows\System32\NSI.dll
0x00007ff98e5f0000 - 0x00007ff98e602000 	C:\Windows\System32\winrnr.dll
0x00007ff99bb20000 - 0x00007ff99bb2a000 	C:\Windows\System32\rasadhlp.dll
0x00007ff99bb30000 - 0x00007ff99bbb0000 	C:\Windows\System32\fwpuclnt.dll
0x00007ff9a9ec0000 - 0x00007ff9a9ee7000 	C:\Windows\System32\bcrypt.dll
0x00007ff9a97b0000 - 0x00007ff9a97c8000 	C:\Windows\SYSTEM32\CRYPTSP.dll
0x00007ff9a8ec0000 - 0x00007ff9a8ef4000 	C:\Windows\system32\rsaenh.dll
0x00007ff9a9cf0000 - 0x00007ff9a9d1e000 	C:\Windows\SYSTEM32\USERENV.dll
0x00007ff9a97a0000 - 0x00007ff9a97ac000 	C:\Windows\SYSTEM32\CRYPTBASE.dll
0x00007ff9a04b0000 - 0x00007ff9a04c7000 	C:\Windows\SYSTEM32\dhcpcsvc6.DLL
0x00007ff9a1d50000 - 0x00007ff9a1d6d000 	C:\Windows\SYSTEM32\dhcpcsvc.DLL
0x00007ff9a3340000 - 0x00007ff9a334e000 	C:\Users\Usuario\Downloads\sts-4.15.1.RELEASE\plugins\org.eclipse.justj.openjdk.hotspot.jre.full.win32.x86_64_17.0.3.v20220515-1416\jre\bin\sunmscapi.dll
0x00007ff9aa380000 - 0x00007ff9aa4d6000 	C:\Windows\System32\CRYPT32.dll
0x00007ff9a98c0000 - 0x00007ff9a98e7000 	C:\Windows\SYSTEM32\ncrypt.dll
0x00007ff9a9880000 - 0x00007ff9a98bb000 	C:\Windows\SYSTEM32\NTASN1.dll
0x00007ff9a4be0000 - 0x00007ff9a4be7000 	C:\Windows\system32\wshunix.dll

dbghelp: loaded successfully - version: 4.0.5 - missing functions: none
symbol engine: initialized successfully - sym options: 0x614 - pdb path: .;C:\Users\Usuario\Downloads\sts-4.15.1.RELEASE\plugins\org.eclipse.justj.openjdk.hotspot.jre.full.win32.x86_64_17.0.3.v20220515-1416\jre\bin;C:\Windows\SYSTEM32;C:\Windows\WinSxS\amd64_microsoft.windows.common-controls_6595b64144ccf1df_6.0.19041.1110_none_60b5254171f9507e;C:\Users\Usuario\Downloads\sts-4.15.1.RELEASE\plugins\org.eclipse.justj.openjdk.hotspot.jre.full.win32.x86_64_17.0.3.v20220515-1416\jre\bin\server

VM Arguments:
jvm_args: -Dfile.encoding=UTF-8 -XX:+ShowCodeDetailsInExceptionMessages 
java_command: com.generation.blogpessoal.BlogpessoalApplication
java_class_path (initial): C:\Users\Usuario\Documents\SpringBoot\blogpessoal\target\classes;C:\Users\Usuario\.m2\repository\org\springframework\boot\spring-boot-starter-data-jpa\2.7.2\spring-boot-starter-data-jpa-2.7.2.jar;C:\Users\Usuario\.m2\repository\org\springframework\boot\spring-boot-starter-aop\2.7.2\spring-boot-starter-aop-2.7.2.jar;C:\Users\Usuario\.m2\repository\org\aspectj\aspectjweaver\1.9.7\aspectjweaver-1.9.7.jar;C:\Users\Usuario\.m2\repository\org\springframework\boot\spring-boot-starter-jdbc\2.7.2\spring-boot-starter-jdbc-2.7.2.jar;C:\Users\Usuario\.m2\repository\com\zaxxer\HikariCP\4.0.3\HikariCP-4.0.3.jar;C:\Users\Usuario\.m2\repository\org\springframework\spring-jdbc\5.3.22\spring-jdbc-5.3.22.jar;C:\Users\Usuario\.m2\repository\jakarta\transaction\jakarta.transaction-api\1.3.3\jakarta.transaction-api-1.3.3.jar;C:\Users\Usuario\.m2\repository\jakarta\persistence\jakarta.persistence-api\2.2.3\jakarta.persistence-api-2.2.3.jar;C:\Users\Usuario\.m2\repository\org\hibernate\hibernate-core\5.6.10.Final\hibernate-core-5.6.10.Final.jar;C:\Users\Usuario\.m2\repository\org\jboss\logging\jboss-logging\3.4.3.Final\jboss-logging-3.4.3.Final.jar;C:\Users\Usuario\.m2\repository\net\bytebuddy\byte-buddy\1.12.12\byte-buddy-1.12.12.jar;C:\Users\Usuario\.m2\repository\antlr\antlr\2.7.7\antlr-2.7.7.jar;C:\Users\Usuario\.m2\repository\org\jboss\jandex\2.4.2.Final\jandex-2.4.2.Final.jar;C:\Users\Usuario\.m2\repository\com\fasterxml\classmate\1.5.1\classmate-1.5.1.jar;C:\Users\Usuario\.m2\repository\org\hibernate\common\hibernate-commons-annotations\5.1.2.Final\hibernate-commons-annotations-5.1.2.Final.jar;C:\Users\Usuario\.m2\repository\org\glassfish\jaxb\jaxb-runtime\2.3.6\jaxb-runtime-2.3.6.jar;C:\Users\Usuario\.m2\repository\org\glassfish\jaxb\txw2\2.3.6\txw2-2.3.6.jar;C:\Users\Usuario\.m2\repository\com\sun\istack\istack-commons-runtime\3.0.12\istack-commons-runtime-3.0.12.jar;C:\Users\Usuario\.m2\repository\com\sun\activation\jakarta.activation\1.2.2\jakarta.ac
Launcher Type: SUN_STANDARD

[Global flags]
     intx CICompilerCount                          = 3                                         {product} {ergonomic}
     uint ConcGCThreads                            = 1                                         {product} {ergonomic}
     uint G1ConcRefinementThreads                  = 4                                         {product} {ergonomic}
   size_t G1HeapRegionSize                         = 1048576                                   {product} {ergonomic}
    uintx GCDrainStackTargetSize                   = 64                                        {product} {ergonomic}
   size_t InitialHeapSize                          = 134217728                                 {product} {ergonomic}
   size_t MarkStackSize                            = 4194304                                   {product} {ergonomic}
   size_t MaxHeapSize                              = 2118123520                                {product} {ergonomic}
   size_t MaxNewSize                               = 1270874112                                {product} {ergonomic}
   size_t MinHeapDeltaBytes                        = 1048576                                   {product} {ergonomic}
   size_t MinHeapSize                              = 8388608                                   {product} {ergonomic}
    uintx NonNMethodCodeHeapSize                   = 5832780                                {pd product} {ergonomic}
    uintx NonProfiledCodeHeapSize                  = 122912730                              {pd product} {ergonomic}
    uintx ProfiledCodeHeapSize                     = 122912730                              {pd product} {ergonomic}
    uintx ReservedCodeCacheSize                    = 251658240                              {pd product} {ergonomic}
     bool SegmentedCodeCache                       = true                                      {product} {ergonomic}
     bool ShowCodeDetailsInExceptionMessages       = true                                   {manageable} {command line}
   size_t SoftMaxHeapSize                          = 2118123520                             {manageable} {ergonomic}
     bool UseCompressedClassPointers               = true                           {product lp64_product} {ergonomic}
     bool UseCompressedOops                        = true                           {product lp64_product} {ergonomic}
     bool UseG1GC                                  = true                                      {product} {ergonomic}
     bool UseLargePagesIndividualAllocation        = false                                  {pd product} {ergonomic}

Logging:
Log output configuration:
 #0: stdout all=warning uptime,level,tags
 #1: stderr all=off uptime,level,tags

Environment Variables:
JAVA_HOME=C:\Program Files\Java\jdk-17.0.3.1
PATH=C:/Users/Usuario/Downloads/sts-4.15.1.RELEASE//plugins/org.eclipse.justj.openjdk.hotspot.jre.full.win32.x86_64_17.0.3.v20220515-1416/jre/bin/server;C:/Users/Usuario/Downloads/sts-4.15.1.RELEASE//plugins/org.eclipse.justj.openjdk.hotspot.jre.full.win32.x86_64_17.0.3.v20220515-1416/jre/bin;C:\Program Files\Common Files\Oracle\Java\javapath;C:\Windows\system32;C:\Windows;C:\Windows\System32\Wbem;C:\Windows\System32\WindowsPowerShell\v1.0\;C:\Windows\System32\OpenSSH\;C:\Program Files\Java\jdk-17.0.3.1;C:\ProgramData\UNIVALI\Portugol Studio;C:\Program Files\nodejs\;C:\Program Files\Git\cmd;C:\Users\Usuario\AppData\Local\Microsoft\WindowsApps;;C:\Users\Usuario\AppData\Local\Programs\Microsoft VS Code\bin;C:\Users\Usuario\AppData\Roaming\npm;C:\Users\Usuario\Downloads\sts-4.15.1.RELEASE;
USERNAME=Usuario
OS=Windows_NT
PROCESSOR_IDENTIFIER=Intel64 Family 6 Model 60 Stepping 3, GenuineIntel



---------------  S Y S T E M  ---------------

OS:
 Windows 10 , 64 bit Build 19041 (10.0.19041.1806)
OS uptime: 7 days 19:08 hours

CPU: total 4 (initial active 4) (2 cores per cpu, 2 threads per core) family 6 model 60 stepping 3 microcode 0x27, cx8, cmov, fxsr, ht, mmx, sse, sse2, sse3, ssse3, sse4.1, sse4.2, popcnt, lzcnt, tsc, tscinvbit, avx, avx2, aes, erms, clmul, bmi1, bmi2, fma, vzeroupper, clflush

Memory: 4k page, system-wide physical 8072M (1658M free)
TotalPageFile size 22353M (AvailPageFile size 4M)
current process WorkingSet (physical memory assigned to process): 249M, peak: 249M
current process commit charge ("private bytes"): 280M, peak: 282M

vm_info: OpenJDK 64-Bit Server VM (17.0.3+7) for windows-amd64 JRE (17.0.3+7), built on Apr 19 2022 16:55:35 by "" with MS VC++ 16.7 (VS2019)

END.
