#
# There is insufficient memory for the Java Runtime Environment to continue.
# Native memory allocation (mmap) failed to map 65536 bytes for Failed to commit metaspace.
# Possible reasons:
#   The system is out of physical RAM or swap space
#   The process is running with CompressedOops enabled, and the Java Heap may be blocking the growth of the native heap
# Possible solutions:
#   Reduce memory load on the system
#   Increase physical memory or swap space
#   Check if swap backing store is full
#   Decrease Java heap size (-Xmx/-Xms)
#   Decrease number of Java threads
#   Decrease Java thread stack sizes (-Xss)
#   Set larger code cache with -XX:ReservedCodeCacheSize=
#   JVM is running with Unscaled Compressed Oops mode in which the Java heap is
#     placed in the first 4GB address space. The Java Heap base address is the
#     maximum limit for the native heap growth. Please use -XX:HeapBaseMinAddress
#     to set the Java Heap base and to place the Java Heap above 4GB virtual address.
# This output file may be truncated or incomplete.
#
#  Out of Memory Error (virtualSpaceNode.cpp:110), pid=7656, tid=17788
#
# JRE version: OpenJDK Runtime Environment Temurin-17.0.3+7 (17.0.3+7) (build 17.0.3+7)
# Java VM: OpenJDK 64-Bit Server VM Temurin-17.0.3+7 (17.0.3+7, mixed mode, emulated-client, tiered, compressed oops, compressed class ptrs, g1 gc, windows-amd64)
# No core dump will be written. Minidumps are not enabled by default on client versions of Windows
#

---------------  S U M M A R Y ------------

Command Line: -Dcom.sun.management.jmxremote -Dcom.sun.management.jmxremote.port=56626 -Dcom.sun.management.jmxremote.authenticate=false -Dcom.sun.management.jmxremote.ssl=false -Djava.rmi.server.hostname=localhost -Dspring.jmx.enabled=true -Dspring.application.admin.enabled=true -XX:TieredStopAtLevel=1 -Dspring.boot.project.name=blogpessoal -Dfile.encoding=UTF-8 -XX:+ShowCodeDetailsInExceptionMessages com.generation.blogpessoal.BlogpessoalApplication --spring.output.ansi.enabled=always

Host: Intel(R) Core(TM) i5-4300M CPU @ 2.60GHz, 4 cores, 7G,  Windows 10 , 64 bit Build 19041 (10.0.19041.1806)
Time: Wed Aug 10 17:33:29 2022 Hora oficial do Brasil elapsed time: 6.101595 seconds (0d 0h 0m 6s)

---------------  T H R E A D  ---------------

Current thread (0x000001a6faf1ecc0):  JavaThread "restartedMain" [_thread_in_vm, id=17788, stack(0x0000009793700000,0x0000009793800000)]

Stack: [0x0000009793700000,0x0000009793800000]
Native frames: (J=compiled Java code, j=interpreted, Vv=VM code, C=native code)
V  [jvm.dll+0x675efa]
V  [jvm.dll+0x830a24]
V  [jvm.dll+0x8321ce]
V  [jvm.dll+0x832833]
V  [jvm.dll+0x2454b5]
V  [jvm.dll+0x82c9cb]
V  [jvm.dll+0x61ab26]
V  [jvm.dll+0x1c046e]
V  [jvm.dll+0x61d471]
V  [jvm.dll+0x61b4c6]
V  [jvm.dll+0x1ea64e]
V  [jvm.dll+0x1eb10f]
V  [jvm.dll+0x1e05b1]
V  [jvm.dll+0x53bb80]
V  [jvm.dll+0x7aba28]
V  [jvm.dll+0x7abb14]
V  [jvm.dll+0x40c7c5]
V  [jvm.dll+0x4129b8]
C  [java.dll+0x17ec]

Java frames: (J=compiled Java code, j=interpreted, Vv=VM code)
J 1197  java.lang.ClassLoader.defineClass1(Ljava/lang/ClassLoader;Ljava/lang/String;[BIILjava/security/ProtectionDomain;Ljava/lang/String;)Ljava/lang/Class; java.base@17.0.3 (0 bytes) @ 0x000001a6efdeb85b [0x000001a6efdeb7a0+0x00000000000000bb]
J 1214 c1 java.lang.ClassLoader.defineClass(Ljava/lang/String;[BIILjava/security/ProtectionDomain;)Ljava/lang/Class; java.base@17.0.3 (43 bytes) @ 0x000001a6efdf44dc [0x000001a6efdf43e0+0x00000000000000fc]
J 1217 c1 jdk.internal.loader.BuiltinClassLoader.defineClass(Ljava/lang/String;Ljdk/internal/loader/Resource;)Ljava/lang/Class; java.base@17.0.3 (121 bytes) @ 0x000001a6efdf71c4 [0x000001a6efdf6d20+0x00000000000004a4]
J 1200 c1 jdk.internal.loader.BuiltinClassLoader.findClassOnClassPathOrNull(Ljava/lang/String;)Ljava/lang/Class; java.base@17.0.3 (64 bytes) @ 0x000001a6efdee09c [0x000001a6efdede00+0x000000000000029c]
J 1009 c1 jdk.internal.loader.BuiltinClassLoader.loadClassOrNull(Ljava/lang/String;Z)Ljava/lang/Class; java.base@17.0.3 (143 bytes) @ 0x000001a6efd99fc4 [0x000001a6efd99b80+0x0000000000000444]
J 1129 c1 jdk.internal.loader.ClassLoaders$AppClassLoader.loadClass(Ljava/lang/String;Z)Ljava/lang/Class; java.base@17.0.3 (40 bytes) @ 0x000001a6efdcfca4 [0x000001a6efdcfb60+0x0000000000000144]
J 1120 c1 java.lang.ClassLoader.loadClass(Ljava/lang/String;)Ljava/lang/Class; java.base@17.0.3 (7 bytes) @ 0x000001a6efdcabe4 [0x000001a6efdcaba0+0x0000000000000044]
v  ~StubRoutines::call_stub
J 981  java.lang.Class.forName0(Ljava/lang/String;ZLjava/lang/ClassLoader;Ljava/lang/Class;)Ljava/lang/Class; java.base@17.0.3 (0 bytes) @ 0x000001a6efd8eba7 [0x000001a6efd8eb20+0x0000000000000087]
J 982 c1 java.lang.Class.forName(Ljava/lang/String;ZLjava/lang/ClassLoader;)Ljava/lang/Class; java.base@17.0.3 (47 bytes) @ 0x000001a6efd8f134 [0x000001a6efd8f040+0x00000000000000f4]
j  org.jboss.logging.Logger.doGetMessageLogger(Ljava/lang/Class;Ljava/lang/String;Ljava/util/Locale;)Ljava/lang/Object;+181
j  org.jboss.logging.Logger.getMessageLogger(Ljava/lang/Class;Ljava/lang/String;Ljava/util/Locale;)Ljava/lang/Object;+9
j  org.jboss.logging.Logger.getMessageLogger(Ljava/lang/Class;Ljava/lang/String;)Ljava/lang/Object;+5
j  org.hibernate.internal.CoreLogging.messageLogger(Ljava/lang/String;)Lorg/hibernate/internal/CoreMessageLogger;+3
j  org.hibernate.internal.CoreLogging.messageLogger(Ljava/lang/Class;)Lorg/hibernate/internal/CoreMessageLogger;+4
j  org.hibernate.boot.registry.classloading.internal.ClassLoaderServiceImpl.<clinit>()V+2
v  ~StubRoutines::call_stub
j  org.hibernate.boot.registry.BootstrapServiceRegistryBuilder.build()Lorg/hibernate/boot/registry/BootstrapServiceRegistry;+33
j  org.hibernate.jpa.boot.internal.EntityManagerFactoryBuilderImpl.buildBootstrapServiceRegistry(Ljava/util/Map;Ljava/lang/ClassLoader;Lorg/hibernate/boot/registry/classloading/spi/ClassLoaderService;)Lorg/hibernate/boot/registry/BootstrapServiceRegistry;+364
j  org.hibernate.jpa.boot.internal.EntityManagerFactoryBuilderImpl.<init>(Lorg/hibernate/jpa/boot/spi/PersistenceUnitDescriptor;Ljava/util/Map;Ljava/lang/ClassLoader;Lorg/hibernate/boot/registry/classloading/spi/ClassLoaderService;)V+75
j  org.hibernate.jpa.boot.internal.EntityManagerFactoryBuilderImpl.<init>(Lorg/hibernate/jpa/boot/spi/PersistenceUnitDescriptor;Ljava/util/Map;)V+5
j  org.springframework.orm.jpa.vendor.SpringHibernateJpaPersistenceProvider.createContainerEntityManagerFactory(Ljavax/persistence/spi/PersistenceUnitInfo;Ljava/util/Map;)Ljavax/persistence/EntityManagerFactory;+52
j  org.springframework.orm.jpa.LocalContainerEntityManagerFactoryBean.createNativeEntityManagerFactory()Ljavax/persistence/EntityManagerFactory;+129
j  org.springframework.orm.jpa.AbstractEntityManagerFactoryBean.buildNativeEntityManagerFactory()Ljavax/persistence/EntityManagerFactory;+1
j  org.springframework.orm.jpa.AbstractEntityManagerFactoryBean.afterPropertiesSet()V+192
j  org.springframework.orm.jpa.LocalContainerEntityManagerFactoryBean.afterPropertiesSet()V+77
j  org.springframework.beans.factory.support.AbstractAutowireCapableBeanFactory.invokeInitMethods(Ljava/lang/String;Ljava/lang/Object;Lorg/springframework/beans/factory/support/RootBeanDefinition;)V+106
j  org.springframework.beans.factory.support.AbstractAutowireCapableBeanFactory.initializeBean(Ljava/lang/String;Ljava/lang/Object;Lorg/springframework/beans/factory/support/RootBeanDefinition;)Ljava/lang/Object;+59
j  org.springframework.beans.factory.support.AbstractAutowireCapableBeanFactory.doCreateBean(Ljava/lang/String;Lorg/springframework/beans/factory/support/RootBeanDefinition;[Ljava/lang/Object;)Ljava/lang/Object;+245
j  org.springframework.beans.factory.support.AbstractAutowireCapableBeanFactory.createBean(Ljava/lang/String;Lorg/springframework/beans/factory/support/RootBeanDefinition;[Ljava/lang/Object;)Ljava/lang/Object;+169
j  org.springframework.beans.factory.support.AbstractBeanFactory.lambda$doGetBean$0(Ljava/lang/String;Lorg/springframework/beans/factory/support/RootBeanDefinition;[Ljava/lang/Object;)Ljava/lang/Object;+4
j  org.springframework.beans.factory.support.AbstractBeanFactory$$Lambda$329+0x00000001002cc248.getObject()Ljava/lang/Object;+16
j  org.springframework.beans.factory.support.DefaultSingletonBeanRegistry.getSingleton(Ljava/lang/String;Lorg/springframework/beans/factory/ObjectFactory;)Ljava/lang/Object;+132
J 3151 c1 org.springframework.beans.factory.support.AbstractBeanFactory.doGetBean(Ljava/lang/String;Ljava/lang/Class;[Ljava/lang/Object;Z)Ljava/lang/Object; (832 bytes) @ 0x000001a6f0103934 [0x000001a6f0103380+0x00000000000005b4]
j  org.springframework.beans.factory.support.AbstractBeanFactory.getBean(Ljava/lang/String;)Ljava/lang/Object;+5
j  org.springframework.context.support.AbstractApplicationContext.getBean(Ljava/lang/String;)Ljava/lang/Object;+9
j  org.springframework.context.support.AbstractApplicationContext.finishBeanFactoryInitialization(Lorg/springframework/beans/factory/config/ConfigurableListableBeanFactory;)V+100
j  org.springframework.context.support.AbstractApplicationContext.refresh()V+86
j  org.springframework.boot.web.servlet.context.ServletWebServerApplicationContext.refresh()V+1
j  org.springframework.boot.SpringApplication.refresh(Lorg/springframework/context/ConfigurableApplicationContext;)V+1
j  org.springframework.boot.SpringApplication.refreshContext(Lorg/springframework/context/ConfigurableApplicationContext;)V+16
j  org.springframework.boot.SpringApplication.run([Ljava/lang/String;)Lorg/springframework/context/ConfigurableApplicationContext;+107
j  org.springframework.boot.SpringApplication.run([Ljava/lang/Class;[Ljava/lang/String;)Lorg/springframework/context/ConfigurableApplicationContext;+9
j  org.springframework.boot.SpringApplication.run(Ljava/lang/Class;[Ljava/lang/String;)Lorg/springframework/context/ConfigurableApplicationContext;+9
j  com.generation.blogpessoal.BlogpessoalApplication.main([Ljava/lang/String;)V+3
v  ~StubRoutines::call_stub
j  jdk.internal.reflect.NativeMethodAccessorImpl.invoke0(Ljava/lang/reflect/Method;Ljava/lang/Object;[Ljava/lang/Object;)Ljava/lang/Object;+0 java.base@17.0.3
j  jdk.internal.reflect.NativeMethodAccessorImpl.invoke(Ljava/lang/Object;[Ljava/lang/Object;)Ljava/lang/Object;+133 java.base@17.0.3
j  jdk.internal.reflect.DelegatingMethodAccessorImpl.invoke(Ljava/lang/Object;[Ljava/lang/Object;)Ljava/lang/Object;+6 java.base@17.0.3
j  java.lang.reflect.Method.invoke(Ljava/lang/Object;[Ljava/lang/Object;)Ljava/lang/Object;+59 java.base@17.0.3
j  org.springframework.boot.devtools.restart.RestartLauncher.run()V+42
v  ~StubRoutines::call_stub

---------------  P R O C E S S  ---------------

Threads class SMR info:
_java_thread_list=0x000001a6fc2d7540, length=26, elements={
0x000001a6ea22e4d0, 0x000001a6f9932270, 0x000001a6f9933e90, 0x000001a6f98fdac0,
0x000001a6f98fe340, 0x000001a6f98ff910, 0x000001a6f98ffed0, 0x000001a6f99460e0,
0x000001a6f9948430, 0x000001a6fa478410, 0x000001a6fa4d86f0, 0x000001a6fa464c90,
0x000001a6fa5f1860, 0x000001a6fab960a0, 0x000001a6fab96570, 0x000001a6fab60790,
0x000001a6faf47470, 0x000001a6fabb5f90, 0x000001a6fad2eab0, 0x000001a6faf1ecc0,
0x000001a6faf19290, 0x000001a6fafd8cc0, 0x000001a6fafda9a0, 0x000001a6fafdc680,
0x000001a6fafda4d0, 0x000001a6fafdbce0
}

Java Threads: ( => current thread )
  0x000001a6ea22e4d0 JavaThread "main" [_thread_blocked, id=13360, stack(0x0000009791700000,0x0000009791800000)]
  0x000001a6f9932270 JavaThread "Reference Handler" daemon [_thread_blocked, id=16376, stack(0x0000009791e00000,0x0000009791f00000)]
  0x000001a6f9933e90 JavaThread "Finalizer" daemon [_thread_blocked, id=13012, stack(0x0000009791f00000,0x0000009792000000)]
  0x000001a6f98fdac0 JavaThread "Signal Dispatcher" daemon [_thread_blocked, id=5392, stack(0x0000009792000000,0x0000009792100000)]
  0x000001a6f98fe340 JavaThread "Attach Listener" daemon [_thread_blocked, id=7748, stack(0x0000009792100000,0x0000009792200000)]
  0x000001a6f98ff910 JavaThread "Service Thread" daemon [_thread_blocked, id=14728, stack(0x0000009792200000,0x0000009792300000)]
  0x000001a6f98ffed0 JavaThread "Monitor Deflation Thread" daemon [_thread_blocked, id=16532, stack(0x0000009792300000,0x0000009792400000)]
  0x000001a6f99460e0 JavaThread "C1 CompilerThread0" daemon [_thread_blocked, id=3140, stack(0x0000009792400000,0x0000009792500000)]
  0x000001a6f9948430 JavaThread "Sweeper thread" daemon [_thread_blocked, id=14056, stack(0x0000009792500000,0x0000009792600000)]
  0x000001a6fa478410 JavaThread "Common-Cleaner" daemon [_thread_blocked, id=788, stack(0x0000009792600000,0x0000009792700000)]
  0x000001a6fa4d86f0 JavaThread "C1 CompilerThread1" daemon [_thread_blocked, id=12272, stack(0x0000009792700000,0x0000009792800000)]
  0x000001a6fa464c90 JavaThread "C1 CompilerThread2" daemon [_thread_blocked, id=6856, stack(0x0000009792800000,0x0000009792900000)]
  0x000001a6fa5f1860 JavaThread "Notification Thread" daemon [_thread_blocked, id=9056, stack(0x0000009792900000,0x0000009792a00000)]
  0x000001a6fab960a0 JavaThread "RMI TCP Accept-0" daemon [_thread_in_native, id=7372, stack(0x0000009792b00000,0x0000009792c00000)]
  0x000001a6fab96570 JavaThread "RMI TCP Accept-56626" daemon [_thread_in_native, id=4684, stack(0x0000009792c00000,0x0000009792d00000)]
  0x000001a6fab60790 JavaThread "RMI TCP Accept-0" daemon [_thread_in_native, id=13404, stack(0x0000009792d00000,0x0000009792e00000)]
  0x000001a6faf47470 JavaThread "RMI TCP Connection(1)-127.0.0.1" daemon [_thread_in_native, id=5024, stack(0x0000009793400000,0x0000009793500000)]
  0x000001a6fabb5f90 JavaThread "RMI Scheduler(0)" daemon [_thread_blocked, id=15160, stack(0x0000009793500000,0x0000009793600000)]
  0x000001a6fad2eab0 JavaThread "Thread-0" [_thread_blocked, id=12764, stack(0x0000009793600000,0x0000009793700000)]
=>0x000001a6faf1ecc0 JavaThread "restartedMain" [_thread_in_vm, id=17788, stack(0x0000009793700000,0x0000009793800000)]
  0x000001a6faf19290 JavaThread "RMI TCP Connection(2)-127.0.0.1" daemon [_thread_in_native, id=9788, stack(0x0000009793800000,0x0000009793900000)]
  0x000001a6fafd8cc0 JavaThread "JMX server connection timeout 24" daemon [_thread_blocked, id=12928, stack(0x0000009793900000,0x0000009793a00000)]
  0x000001a6fafda9a0 JavaThread "Catalina-utility-1" [_thread_blocked, id=15928, stack(0x0000009793a00000,0x0000009793b00000)]
  0x000001a6fafdc680 JavaThread "Catalina-utility-2" [_thread_blocked, id=11628, stack(0x0000009793b00000,0x0000009793c00000)]
  0x000001a6fafda4d0 JavaThread "container-0" [_thread_blocked, id=2204, stack(0x0000009793c00000,0x0000009793d00000)]
  0x000001a6fafdbce0 JavaThread "mysql-cj-abandoned-connection-cleanup" daemon [_thread_blocked, id=3708, stack(0x0000009793d00000,0x0000009793e00000)]

Other Threads:
  0x000001a6f98b6540 VMThread "VM Thread" [stack: 0x0000009791d00000,0x0000009791e00000] [id=9328]
  0x000001a6ec35a840 WatcherThread [stack: 0x0000009792e00000,0x0000009792f00000] [id=7884]
  0x000001a6ec3b60b0 GCTaskThread "GC Thread#0" [stack: 0x0000009791800000,0x0000009791900000] [id=16668]
  0x000001a6fad22320 GCTaskThread "GC Thread#1" [stack: 0x0000009792f00000,0x0000009793000000] [id=5220]
  0x000001a6fad22de0 GCTaskThread "GC Thread#2" [stack: 0x0000009793000000,0x0000009793100000] [id=6868]
  0x000001a6fad23b50 GCTaskThread "GC Thread#3" [stack: 0x0000009793100000,0x0000009793200000] [id=14376]
  0x000001a6ec3c7410 ConcurrentGCThread "G1 Main Marker" [stack: 0x0000009791900000,0x0000009791a00000] [id=6416]
  0x000001a6ec3c8630 ConcurrentGCThread "G1 Conc#0" [stack: 0x0000009791a00000,0x0000009791b00000] [id=11364]
  0x000001a6ec42ea20 ConcurrentGCThread "G1 Refine#0" [stack: 0x0000009791b00000,0x0000009791c00000] [id=9568]
  0x000001a6fabc6940 ConcurrentGCThread "G1 Refine#1" [stack: 0x0000009793200000,0x0000009793300000] [id=16248]
  0x000001a6fababe60 ConcurrentGCThread "G1 Refine#2" [stack: 0x0000009793300000,0x0000009793400000] [id=13680]
  0x000001a6f9767220 ConcurrentGCThread "G1 Service" [stack: 0x0000009791c00000,0x0000009791d00000] [id=16344]

Threads with active compile tasks:

VM state: not at safepoint (normal execution)

VM Mutex/Monitor currently owned by a thread:  ([mutex/lock_event])
[0x000001a6ec359020] Metaspace_lock - owner thread: 0x000001a6faf1ecc0

Heap address: 0x0000000081c00000, size: 2020 MB, Compressed Oops mode: 32-bit

CDS archive(s) not mapped
Compressed class space mapped at: 0x0000000100000000-0x0000000140000000, reserved size: 1073741824
Narrow klass base: 0x0000000000000000, Narrow klass shift: 3, Narrow klass range: 0x140000000

GC Precious Log:
 CPUs: 4 total, 4 available
 Memory: 8072M
 Large Page Support: Disabled
 NUMA Support: Disabled
 Compressed Oops: Enabled (32-bit)
 Heap Region Size: 1M
 Heap Min Capacity: 8M
 Heap Initial Capacity: 128M
 Heap Max Capacity: 2020M
 Pre-touch: Disabled
 Parallel Workers: 4
 Concurrent Workers: 1
 Concurrent Refinement Workers: 4
 Periodic GC: Disabled

Heap:
 garbage-first heap   total 58368K, used 20112K [0x0000000081c00000, 0x0000000100000000)
  region size 1024K, 4 young (4096K), 1 survivors (1024K)
 Metaspace       used 40087K, committed 40448K, reserved 1089536K
  class space    used 5167K, committed 5376K, reserved 1048576K

Heap Regions: E=young(eden), S=young(survivor), O=old, HS=humongous(starts), HC=humongous(continues), CS=collection set, F=free, OA=open archive, CA=closed archive, TAMS=top-at-mark-start (previous, next)
|   0|0x0000000081c00000, 0x0000000081d00000, 0x0000000081d00000|100%|HS|  |TAMS 0x0000000081d00000, 0x0000000081c00000| Complete 
|   1|0x0000000081d00000, 0x0000000081e00000, 0x0000000081e00000|100%| O|  |TAMS 0x0000000081e00000, 0x0000000081d00000| Untracked 
|   2|0x0000000081e00000, 0x0000000081f00000, 0x0000000081f00000|100%| O|  |TAMS 0x0000000081f00000, 0x0000000081e00000| Untracked 
|   3|0x0000000081f00000, 0x0000000082000000, 0x0000000082000000|100%| O|  |TAMS 0x0000000082000000, 0x0000000081f00000| Untracked 
|   4|0x0000000082000000, 0x0000000082100000, 0x0000000082100000|100%| O|  |TAMS 0x0000000082100000, 0x0000000082000000| Untracked 
|   5|0x0000000082100000, 0x0000000082200000, 0x0000000082200000|100%| O|  |TAMS 0x0000000082200000, 0x0000000082100000| Untracked 
|   6|0x0000000082200000, 0x0000000082300000, 0x0000000082300000|100%| O|  |TAMS 0x0000000082200000, 0x0000000082200000| Untracked 
|   7|0x0000000082300000, 0x0000000082400000, 0x0000000082400000|100%| O|  |TAMS 0x0000000082400000, 0x0000000082300000| Untracked 
|   8|0x0000000082400000, 0x0000000082500000, 0x0000000082500000|100%| O|  |TAMS 0x0000000082500000, 0x0000000082400000| Untracked 
|   9|0x0000000082500000, 0x0000000082600000, 0x0000000082600000|100%| O|  |TAMS 0x0000000082600000, 0x0000000082500000| Untracked 
|  10|0x0000000082600000, 0x0000000082700000, 0x0000000082700000|100%| O|  |TAMS 0x0000000082700000, 0x0000000082600000| Untracked 
|  11|0x0000000082700000, 0x0000000082800000, 0x0000000082800000|100%| O|  |TAMS 0x0000000082700000, 0x0000000082700000| Untracked 
|  12|0x0000000082800000, 0x0000000082900000, 0x0000000082900000|100%| O|  |TAMS 0x0000000082800000, 0x0000000082800000| Untracked 
|  13|0x0000000082900000, 0x0000000082a00000, 0x0000000082a00000|100%| O|  |TAMS 0x0000000082900000, 0x0000000082900000| Untracked 
|  14|0x0000000082a00000, 0x0000000082b00000, 0x0000000082b00000|100%| O|  |TAMS 0x0000000082a00000, 0x0000000082a00000| Untracked 
|  15|0x0000000082b00000, 0x0000000082b00000, 0x0000000082c00000|  0%| F|  |TAMS 0x0000000082b00000, 0x0000000082b00000| Untracked 
|  16|0x0000000082c00000, 0x0000000082d00000, 0x0000000082d00000|100%| O|  |TAMS 0x0000000082c00000, 0x0000000082c00000| Untracked 
|  17|0x0000000082d00000, 0x0000000082e00000, 0x0000000082e00000|100%| O|  |TAMS 0x0000000082d00000, 0x0000000082d00000| Untracked 
|  18|0x0000000082e00000, 0x0000000082e26000, 0x0000000082f00000| 14%| O|  |TAMS 0x0000000082e00000, 0x0000000082e00000| Untracked 
|  19|0x0000000082f00000, 0x0000000082f00000, 0x0000000083000000|  0%| F|  |TAMS 0x0000000082f00000, 0x0000000082f00000| Untracked 
|  20|0x0000000083000000, 0x0000000083000000, 0x0000000083100000|  0%| F|  |TAMS 0x0000000083000000, 0x0000000083000000| Untracked 
|  21|0x0000000083100000, 0x0000000083100000, 0x0000000083200000|  0%| F|  |TAMS 0x0000000083100000, 0x0000000083100000| Untracked 
|  22|0x0000000083200000, 0x0000000083200000, 0x0000000083300000|  0%| F|  |TAMS 0x0000000083200000, 0x0000000083200000| Untracked 
|  23|0x0000000083300000, 0x0000000083300000, 0x0000000083400000|  0%| F|  |TAMS 0x0000000083300000, 0x0000000083300000| Untracked 
|  24|0x0000000083400000, 0x0000000083400000, 0x0000000083500000|  0%| F|  |TAMS 0x0000000083400000, 0x0000000083400000| Untracked 
|  25|0x0000000083500000, 0x0000000083500000, 0x0000000083600000|  0%| F|  |TAMS 0x0000000083500000, 0x0000000083500000| Untracked 
|  26|0x0000000083600000, 0x0000000083600000, 0x0000000083700000|  0%| F|  |TAMS 0x0000000083600000, 0x0000000083600000| Untracked 
|  27|0x0000000083700000, 0x0000000083700000, 0x0000000083800000|  0%| F|  |TAMS 0x0000000083700000, 0x0000000083700000| Untracked 
|  28|0x0000000083800000, 0x0000000083800000, 0x0000000083900000|  0%| F|  |TAMS 0x0000000083800000, 0x0000000083800000| Untracked 
|  29|0x0000000083900000, 0x0000000083900000, 0x0000000083a00000|  0%| F|  |TAMS 0x0000000083900000, 0x0000000083900000| Untracked 
|  30|0x0000000083a00000, 0x0000000083a00000, 0x0000000083b00000|  0%| F|  |TAMS 0x0000000083a00000, 0x0000000083a00000| Untracked 
|  31|0x0000000083b00000, 0x0000000083b00000, 0x0000000083c00000|  0%| F|  |TAMS 0x0000000083b00000, 0x0000000083b00000| Untracked 
|  32|0x0000000083c00000, 0x0000000083c00000, 0x0000000083d00000|  0%| F|  |TAMS 0x0000000083c00000, 0x0000000083c00000| Untracked 
|  33|0x0000000083d00000, 0x0000000083d00000, 0x0000000083e00000|  0%| F|  |TAMS 0x0000000083d00000, 0x0000000083d00000| Untracked 
|  34|0x0000000083e00000, 0x0000000083e00000, 0x0000000083f00000|  0%| F|  |TAMS 0x0000000083e00000, 0x0000000083e00000| Untracked 
|  35|0x0000000083f00000, 0x0000000083f00000, 0x0000000084000000|  0%| F|  |TAMS 0x0000000083f00000, 0x0000000083f00000| Untracked 
|  36|0x0000000084000000, 0x0000000084000000, 0x0000000084100000|  0%| F|  |TAMS 0x0000000084000000, 0x0000000084000000| Untracked 
|  37|0x0000000084100000, 0x0000000084100000, 0x0000000084200000|  0%| F|  |TAMS 0x0000000084100000, 0x0000000084100000| Untracked 
|  38|0x0000000084200000, 0x0000000084200000, 0x0000000084300000|  0%| F|  |TAMS 0x0000000084200000, 0x0000000084200000| Untracked 
|  39|0x0000000084300000, 0x0000000084300000, 0x0000000084400000|  0%| F|  |TAMS 0x0000000084300000, 0x0000000084300000| Untracked 
|  40|0x0000000084400000, 0x0000000084400000, 0x0000000084500000|  0%| F|  |TAMS 0x0000000084400000, 0x0000000084400000| Untracked 
|  41|0x0000000084500000, 0x0000000084500000, 0x0000000084600000|  0%| F|  |TAMS 0x0000000084500000, 0x0000000084500000| Untracked 
|  42|0x0000000084600000, 0x0000000084600000, 0x0000000084700000|  0%| F|  |TAMS 0x0000000084600000, 0x0000000084600000| Untracked 
|  43|0x0000000084700000, 0x0000000084700000, 0x0000000084800000|  0%| F|  |TAMS 0x0000000084700000, 0x0000000084700000| Untracked 
|  44|0x0000000084800000, 0x0000000084800000, 0x0000000084900000|  0%| F|  |TAMS 0x0000000084800000, 0x0000000084800000| Untracked 
|  45|0x0000000084900000, 0x0000000084900000, 0x0000000084a00000|  0%| F|  |TAMS 0x0000000084900000, 0x0000000084900000| Untracked 
|  46|0x0000000084a00000, 0x0000000084a00000, 0x0000000084b00000|  0%| F|  |TAMS 0x0000000084a00000, 0x0000000084a00000| Untracked 
|  47|0x0000000084b00000, 0x0000000084b00000, 0x0000000084c00000|  0%| F|  |TAMS 0x0000000084b00000, 0x0000000084b00000| Untracked 
|  48|0x0000000084c00000, 0x0000000084c00000, 0x0000000084d00000|  0%| F|  |TAMS 0x0000000084c00000, 0x0000000084c00000| Untracked 
|  49|0x0000000084d00000, 0x0000000084d00000, 0x0000000084e00000|  0%| F|  |TAMS 0x0000000084d00000, 0x0000000084d00000| Untracked 
|  50|0x0000000084e00000, 0x0000000084e00000, 0x0000000084f00000|  0%| F|  |TAMS 0x0000000084e00000, 0x0000000084e00000| Untracked 
|  51|0x0000000084f00000, 0x0000000084f00000, 0x0000000085000000|  0%| F|  |TAMS 0x0000000084f00000, 0x0000000084f00000| Untracked 
|  52|0x0000000085000000, 0x0000000085000000, 0x0000000085100000|  0%| F|  |TAMS 0x0000000085000000, 0x0000000085000000| Untracked 
|  53|0x0000000085100000, 0x000000008512ec10, 0x0000000085200000| 18%| E|  |TAMS 0x0000000085100000, 0x0000000085100000| Complete 
|  54|0x0000000085200000, 0x0000000085300000, 0x0000000085300000|100%| E|CS|TAMS 0x0000000085200000, 0x0000000085200000| Complete 
|  55|0x0000000085300000, 0x000000008537e360, 0x0000000085400000| 49%| S|CS|TAMS 0x0000000085300000, 0x0000000085300000| Complete 
| 127|0x0000000089b00000, 0x0000000089c00000, 0x0000000089c00000|100%| E|CS|TAMS 0x0000000089b00000, 0x0000000089b00000| Complete 

Card table byte_map: [0x000001a6f2e10000,0x000001a6f3210000] _byte_map_base: 0x000001a6f2a02000

Marking Bits (Prev, Next): (CMBitMap*) 0x000001a6ec3b66c0, (CMBitMap*) 0x000001a6ec3b6700
 Prev Bits: [0x000001a6f3610000, 0x000001a6f55a0000)
 Next Bits: [0x000001a6f55a0000, 0x000001a6f7530000)

Polling page: 0x000001a6ebb30000

Metaspace:

Usage:
  Non-class:     34.10 MB used.
      Class:      5.05 MB used.
       Both:     39.15 MB used.

Virtual space:
  Non-class space:       40.00 MB reserved,      34.25 MB ( 86%) committed,  5 nodes.
      Class space:        1.00 GB reserved,       5.25 MB ( <1%) committed,  1 nodes.
             Both:        1.04 GB reserved,      39.50 MB (  4%) committed. 

Chunk freelists:
   Non-Class:  1.73 MB
       Class:  2.72 MB
        Both:  4.45 MB

MaxMetaspaceSize: unlimited
CompressedClassSpaceSize: 1.00 GB
Initial GC threshold: 21.00 MB
Current GC threshold: 59.06 MB
CDS: off
MetaspaceReclaimPolicy: balanced
 - commit_granule_bytes: 65536.
 - commit_granule_words: 8192.
 - virtual_space_node_default_size: 1048576.
 - enlarge_chunks_in_place: 1.
 - new_chunks_are_fully_committed: 0.
 - uncommit_free_chunks: 1.
 - use_allocation_guard: 0.
 - handle_deallocations: 1.


Internal statistics:

num_allocs_failed_limit: 6.
num_arena_births: 422.
num_arena_deaths: 0.
num_vsnodes_births: 6.
num_vsnodes_deaths: 0.
num_space_committed: 632.
num_space_uncommitted: 0.
num_chunks_returned_to_freelist: 6.
num_chunks_taken_from_freelist: 1524.
num_chunk_merges: 3.
num_chunk_splits: 1041.
num_chunks_enlarged: 752.
num_purges: 0.
num_inconsistent_stats: 0.

CodeCache: size=49152Kb used=8267Kb max_used=8267Kb free=40884Kb
 bounds [0x000001a6efa10000, 0x000001a6f0230000, 0x000001a6f2a10000]
 total_blobs=4315 nmethods=3817 adapters=423
 compilation: enabled
              stopped_count=0, restarted_count=0
 full_count=0

Compilation events (20 events):
Event: 5.991 Thread 0x000001a6fa4d86f0 nmethod 3808 0x000001a6f021d310 code [0x000001a6f021d4e0, 0x000001a6f021d738]
Event: 5.992 Thread 0x000001a6fa464c90 nmethod 3807 0x000001a6f021d890 code [0x000001a6f021dc80, 0x000001a6f021edc8]
Event: 5.992 Thread 0x000001a6fa464c90 3809       1       java.lang.invoke.Invokers$Holder::linkToTargetMethod (13 bytes)
Event: 5.992 Thread 0x000001a6fa4d86f0 3810       1       java.lang.invoke.LambdaForm$DMH/0x0000000100194400::newInvokeSpecial (30 bytes)
Event: 5.992 Thread 0x000001a6fa464c90 nmethod 3809 0x000001a6f021f810 code [0x000001a6f021f9c0, 0x000001a6f021fad8]
Event: 5.992 Thread 0x000001a6fa4d86f0 nmethod 3810 0x000001a6f021fb90 code [0x000001a6f021fd40, 0x000001a6f021fee8]
Event: 5.999 Thread 0x000001a6fa4d86f0 3811       1       java.util.HashSet::clear (8 bytes)
Event: 5.999 Thread 0x000001a6fa4d86f0 nmethod 3811 0x000001a6f0220090 code [0x000001a6f0220220, 0x000001a6f0220308]
Event: 5.999 Thread 0x000001a6fa4d86f0 3812       1       org.springframework.core.MethodParameter::getNestedParameterType (122 bytes)
Event: 5.999 Thread 0x000001a6f99460e0 3813       1       org.springframework.beans.factory.config.DependencyDescriptor::getDependencyType (123 bytes)
Event: 5.999 Thread 0x000001a6fa4d86f0 nmethod 3812 0x000001a6f0220390 code [0x000001a6f02205e0, 0x000001a6f0220c48]
Event: 6.008 Thread 0x000001a6f99460e0 nmethod 3813 0x000001a6f0220f10 code [0x000001a6f0221160, 0x000001a6f0221998]
Event: 6.025 Thread 0x000001a6fa4d86f0 3814       1       org.springframework.context.support.GenericApplicationContext::getBeanFactory (5 bytes)
Event: 6.025 Thread 0x000001a6fa4d86f0 nmethod 3814 0x000001a6f0221c90 code [0x000001a6f0221e20, 0x000001a6f0221ef8]
Event: 6.048 Thread 0x000001a6f99460e0 3815   !   1       jdk.proxy1.$Proxy0::annotationType (29 bytes)
Event: 6.048 Thread 0x000001a6fa4d86f0 3816       1       org.springframework.core.type.filter.AbstractTypeHierarchyTraversingFilter::<init> (26 bytes)
Event: 6.048 Thread 0x000001a6f99460e0 nmethod 3815 0x000001a6f0221f90 code [0x000001a6f0222140, 0x000001a6f0222358]
Event: 6.048 Thread 0x000001a6fa4d86f0 nmethod 3816 0x000001a6f0222490 code [0x000001a6f0222640, 0x000001a6f02227d8]
Event: 6.052 Thread 0x000001a6fa4d86f0 3817   !   1       jdk.proxy2.$Proxy40::annotationType (29 bytes)
Event: 6.052 Thread 0x000001a6fa4d86f0 nmethod 3817 0x000001a6f0222910 code [0x000001a6f0222ac0, 0x000001a6f0222cd8]

GC Heap History (20 events):
Event: 2.287 GC heap before
{Heap before GC invocations=2 (full 0):
 garbage-first heap   total 131072K, used 29546K [0x0000000081c00000, 0x0000000100000000)
  region size 1024K, 24 young (24576K), 2 survivors (2048K)
 Metaspace       used 20872K, committed 21056K, reserved 1073152K
  class space    used 2410K, committed 2496K, reserved 1048576K
}
Event: 2.293 GC heap after
{Heap after GC invocations=3 (full 0):
 garbage-first heap   total 131072K, used 9485K [0x0000000081c00000, 0x0000000100000000)
  region size 1024K, 3 young (3072K), 3 survivors (3072K)
 Metaspace       used 20872K, committed 21056K, reserved 1073152K
  class space    used 2410K, committed 2496K, reserved 1048576K
}
Event: 2.347 GC heap before
{Heap before GC invocations=3 (full 0):
 garbage-first heap   total 131072K, used 12557K [0x0000000081c00000, 0x0000000100000000)
  region size 1024K, 7 young (7168K), 3 survivors (3072K)
 Metaspace       used 21297K, committed 21504K, reserved 1073152K
  class space    used 2480K, committed 2560K, reserved 1048576K
}
Event: 2.351 GC heap after
{Heap after GC invocations=4 (full 0):
 garbage-first heap   total 131072K, used 9731K [0x0000000081c00000, 0x0000000100000000)
  region size 1024K, 3 young (3072K), 3 survivors (3072K)
 Metaspace       used 21297K, committed 21504K, reserved 1073152K
  class space    used 2480K, committed 2560K, reserved 1048576K
}
Event: 2.867 GC heap before
{Heap before GC invocations=5 (full 0):
 garbage-first heap   total 37888K, used 28163K [0x0000000081c00000, 0x0000000100000000)
  region size 1024K, 22 young (22528K), 3 survivors (3072K)
 Metaspace       used 24734K, committed 25024K, reserved 1073152K
  class space    used 3066K, committed 3200K, reserved 1048576K
}
Event: 2.874 GC heap after
{Heap after GC invocations=6 (full 0):
 garbage-first heap   total 37888K, used 11003K [0x0000000081c00000, 0x0000000100000000)
  region size 1024K, 4 young (4096K), 4 survivors (4096K)
 Metaspace       used 24734K, committed 25024K, reserved 1073152K
  class space    used 3066K, committed 3200K, reserved 1048576K
}
Event: 2.896 GC heap before
{Heap before GC invocations=6 (full 0):
 garbage-first heap   total 37888K, used 11003K [0x0000000081c00000, 0x0000000100000000)
  region size 1024K, 5 young (5120K), 4 survivors (4096K)
 Metaspace       used 24910K, committed 25152K, reserved 1073152K
  class space    used 3085K, committed 3200K, reserved 1048576K
}
Event: 2.903 GC heap after
{Heap after GC invocations=7 (full 0):
 garbage-first heap   total 37888K, used 11078K [0x0000000081c00000, 0x0000000100000000)
  region size 1024K, 1 young (1024K), 1 survivors (1024K)
 Metaspace       used 24910K, committed 25152K, reserved 1073152K
  class space    used 3085K, committed 3200K, reserved 1048576K
}
Event: 3.062 GC heap before
{Heap before GC invocations=7 (full 0):
 garbage-first heap   total 37888K, used 23366K [0x0000000081c00000, 0x0000000100000000)
  region size 1024K, 14 young (14336K), 1 survivors (1024K)
 Metaspace       used 27634K, committed 27904K, reserved 1081344K
  class space    used 3350K, committed 3520K, reserved 1048576K
}
Event: 3.064 GC heap after
{Heap after GC invocations=8 (full 0):
 garbage-first heap   total 37888K, used 11348K [0x0000000081c00000, 0x0000000100000000)
  region size 1024K, 1 young (1024K), 1 survivors (1024K)
 Metaspace       used 27634K, committed 27904K, reserved 1081344K
  class space    used 3350K, committed 3520K, reserved 1048576K
}
Event: 3.262 GC heap before
{Heap before GC invocations=8 (full 0):
 garbage-first heap   total 37888K, used 25684K [0x0000000081c00000, 0x0000000100000000)
  region size 1024K, 15 young (15360K), 1 survivors (1024K)
 Metaspace       used 29781K, committed 30080K, reserved 1081344K
  class space    used 3658K, committed 3776K, reserved 1048576K
}
Event: 3.265 GC heap after
{Heap after GC invocations=9 (full 0):
 garbage-first heap   total 37888K, used 12089K [0x0000000081c00000, 0x0000000100000000)
  region size 1024K, 2 young (2048K), 2 survivors (2048K)
 Metaspace       used 29781K, committed 30080K, reserved 1081344K
  class space    used 3658K, committed 3776K, reserved 1048576K
}
Event: 3.614 GC heap before
{Heap before GC invocations=9 (full 0):
 garbage-first heap   total 37888K, used 26425K [0x0000000081c00000, 0x0000000100000000)
  region size 1024K, 16 young (16384K), 2 survivors (2048K)
 Metaspace       used 30765K, committed 31104K, reserved 1081344K
  class space    used 3821K, committed 3968K, reserved 1048576K
}
Event: 3.618 GC heap after
{Heap after GC invocations=10 (full 0):
 garbage-first heap   total 68608K, used 12923K [0x0000000081c00000, 0x0000000100000000)
  region size 1024K, 2 young (2048K), 2 survivors (2048K)
 Metaspace       used 30765K, committed 31104K, reserved 1081344K
  class space    used 3821K, committed 3968K, reserved 1048576K
}
Event: 5.111 GC heap before
{Heap before GC invocations=10 (full 0):
 garbage-first heap   total 68608K, used 45691K [0x0000000081c00000, 0x0000000100000000)
  region size 1024K, 36 young (36864K), 2 survivors (2048K)
 Metaspace       used 35783K, committed 36160K, reserved 1081344K
  class space    used 4589K, committed 4800K, reserved 1048576K
}
Event: 5.118 GC heap after
{Heap after GC invocations=11 (full 0):
 garbage-first heap   total 68608K, used 15609K [0x0000000081c00000, 0x0000000100000000)
  region size 1024K, 5 young (5120K), 5 survivors (5120K)
 Metaspace       used 35783K, committed 36160K, reserved 1081344K
  class space    used 4589K, committed 4800K, reserved 1048576K
}
Event: 5.999 GC heap before
{Heap before GC invocations=12 (full 0):
 garbage-first heap   total 58368K, used 45305K [0x0000000081c00000, 0x0000000100000000)
  region size 1024K, 34 young (34816K), 5 survivors (5120K)
 Metaspace       used 39272K, committed 39616K, reserved 1089536K
  class space    used 5069K, committed 5248K, reserved 1048576K
}
Event: 6.008 GC heap after
{Heap after GC invocations=13 (full 0):
 garbage-first heap   total 58368K, used 17971K [0x0000000081c00000, 0x0000000100000000)
  region size 1024K, 3 young (3072K), 3 survivors (3072K)
 Metaspace       used 39272K, committed 39616K, reserved 1089536K
  class space    used 5069K, committed 5248K, reserved 1048576K
}
Event: 6.041 GC heap before
{Heap before GC invocations=13 (full 0):
 garbage-first heap   total 58368K, used 17971K [0x0000000081c00000, 0x0000000100000000)
  region size 1024K, 4 young (4096K), 3 survivors (3072K)
 Metaspace       used 39467K, committed 39872K, reserved 1089536K
  class space    used 5106K, committed 5312K, reserved 1048576K
}
Event: 6.046 GC heap after
{Heap after GC invocations=14 (full 0):
 garbage-first heap   total 58368K, used 18064K [0x0000000081c00000, 0x0000000100000000)
  region size 1024K, 1 young (1024K), 1 survivors (1024K)
 Metaspace       used 39467K, committed 39872K, reserved 1089536K
  class space    used 5106K, committed 5312K, reserved 1048576K
}

Deoptimization events (12 events):
Event: 1.429 Thread 0x000001a6ea22e4d0 DEOPT PACKING pc=0x000001a6efce1cf5 sp=0x00000097917fdb20
Event: 1.429 Thread 0x000001a6ea22e4d0 DEOPT UNPACKING pc=0x000001a6efa62b43 sp=0x00000097917fcf78 mode 3
Event: 2.336 Thread 0x000001a6fafdbce0 DEOPT PACKING pc=0x000001a6eff1f705 sp=0x0000009793afbe00
Event: 2.336 Thread 0x000001a6fafdbce0 DEOPT UNPACKING pc=0x000001a6efa62b43 sp=0x0000009793afb360 mode 3
Event: 2.470 Thread 0x000001a6faf1ecc0 DEOPT PACKING pc=0x000001a6eff39399 sp=0x00000097937fcbf0
Event: 2.470 Thread 0x000001a6faf1ecc0 DEOPT UNPACKING pc=0x000001a6efa62b43 sp=0x00000097937fc0d0 mode 3
Event: 4.142 Thread 0x000001a6faf1ecc0 DEOPT PACKING pc=0x000001a6eff63b14 sp=0x00000097937fd0b0
Event: 4.142 Thread 0x000001a6faf1ecc0 DEOPT UNPACKING pc=0x000001a6efa62b43 sp=0x00000097937fc608 mode 0
Event: 4.612 Thread 0x000001a6faf1ecc0 DEOPT PACKING pc=0x000001a6f013fe75 sp=0x00000097937fd870
Event: 4.612 Thread 0x000001a6faf1ecc0 DEOPT UNPACKING pc=0x000001a6efa62b43 sp=0x00000097937fcce0 mode 3
Event: 5.408 Thread 0x000001a6faf1ecc0 DEOPT PACKING pc=0x000001a6f01d0c7d sp=0x00000097937fcbb0
Event: 5.408 Thread 0x000001a6faf1ecc0 DEOPT UNPACKING pc=0x000001a6efa62b43 sp=0x00000097937fc118 mode 3

Classes unloaded (0 events):
No events

Classes redefined (0 events):
No events

Internal exceptions (20 events):
Event: 4.904 Thread 0x000001a6faf1ecc0 Exception <a 'java/lang/ClassNotFoundException'{0x000000008428c3c0}: org/springframework/transaction/annotation/ProxyTransactionManagementConfigurationCustomizer> (0x000000008428c3c0) 
thrown [e:\jenkins\tmp\workspace\build\src\src\hotspot\share\classfile\systemDictionary.cpp, line 256]
Event: 4.906 Thread 0x000001a6faf1ecc0 Exception <a 'java/lang/ClassNotFoundException'{0x00000000842962b8}: org/springframework/context/annotation/ImportAwareCustomizer> (0x00000000842962b8) 
thrown [e:\jenkins\tmp\workspace\build\src\src\hotspot\share\classfile\systemDictionary.cpp, line 256]
Event: 4.906 Thread 0x000001a6faf1ecc0 Exception <a 'java/lang/ClassNotFoundException'{0x000000008429d188}: org/springframework/beans/factory/AwareCustomizer> (0x000000008429d188) 
thrown [e:\jenkins\tmp\workspace\build\src\src\hotspot\share\classfile\systemDictionary.cpp, line 256]
Event: 5.122 Thread 0x000001a6faf1ecc0 Exception <a 'java/lang/NoSuchMethodError'{0x0000000089b00908}: 'java.lang.Object java.lang.invoke.DirectMethodHandle$Holder.invokeStatic(java.lang.Object, java.lang.Object, int)'> (0x0000000089b00908) 
thrown [e:\jenkins\tmp\workspace\build\src\src\hotspot\share\interpreter\linkResolver.cpp, line 766]
Event: 5.124 Thread 0x000001a6faf1ecc0 Exception <a 'java/lang/NoSuchMethodError'{0x0000000089b0c550}: 'void java.lang.invoke.DelegatingMethodHandle$Holder.delegate(java.lang.Object, java.lang.Object, int, java.lang.Object)'> (0x0000000089b0c550) 
thrown [e:\jenkins\tmp\workspace\build\src\src\hotspot\share\interpreter\linkResolver.cpp, line 766]
Event: 5.195 Thread 0x000001a6faf1ecc0 Exception <a 'java/lang/NoSuchMethodError'{0x00000000853b3b30}: 'void java.lang.invoke.DirectMethodHandle$Holder.invokeInterface(java.lang.Object, java.lang.Object, int)'> (0x00000000853b3b30) 
thrown [e:\jenkins\tmp\workspace\build\src\src\hotspot\share\interpreter\linkResolver.cpp, line 766]
Event: 5.198 Thread 0x000001a6faf1ecc0 Exception <a 'java/lang/NoSuchMethodError'{0x00000000853cd5c8}: 'int java.lang.invoke.DirectMethodHandle$Holder.invokeVirtual(java.lang.Object, java.lang.Object)'> (0x00000000853cd5c8) 
thrown [e:\jenkins\tmp\workspace\build\src\src\hotspot\share\interpreter\linkResolver.cpp, line 766]
Event: 5.202 Thread 0x000001a6faf1ecc0 Exception <a 'java/lang/IncompatibleClassChangeError'{0x0000000085206d10}: Found class java.lang.Object, but interface was expected> (0x0000000085206d10) 
thrown [e:\jenkins\tmp\workspace\build\src\src\hotspot\share\interpreter\linkResolver.cpp, line 833]
Event: 5.204 Thread 0x000001a6faf1ecc0 Exception <a 'java/lang/NoSuchMethodError'{0x000000008520c168}: 'void java.lang.invoke.DirectMethodHandle$Holder.invokeStatic(java.lang.Object, int, java.lang.Object)'> (0x000000008520c168) 
thrown [e:\jenkins\tmp\workspace\build\src\src\hotspot\share\interpreter\linkResolver.cpp, line 766]
Event: 5.208 Thread 0x000001a6faf1ecc0 Exception <a 'java/lang/NoSuchMethodError'{0x000000008523b798}: 'int java.lang.invoke.DirectMethodHandle$Holder.invokeSpecial(java.lang.Object, java.lang.Object, int)'> (0x000000008523b798) 
thrown [e:\jenkins\tmp\workspace\build\src\src\hotspot\share\interpreter\linkResolver.cpp, line 766]
Event: 5.336 Thread 0x000001a6faf19290 Exception <a 'java/lang/reflect/InvocationTargetException'{0x0000000084d01bc0}> (0x0000000084d01bc0) 
thrown [e:\jenkins\tmp\workspace\build\src\src\hotspot\share\runtime\reflection.cpp, line 1121]
Event: 5.532 Thread 0x000001a6faf1ecc0 Exception <a 'sun/nio/fs/WindowsException'{0x0000000084585d48}> (0x0000000084585d48) 
thrown [e:\jenkins\tmp\workspace\build\src\src\hotspot\share\prims\jni.cpp, line 516]
Event: 5.532 Thread 0x000001a6faf1ecc0 Exception <a 'sun/nio/fs/WindowsException'{0x000000008458ba18}> (0x000000008458ba18) 
thrown [e:\jenkins\tmp\workspace\build\src\src\hotspot\share\prims\jni.cpp, line 516]
Event: 5.533 Thread 0x000001a6faf1ecc0 Exception <a 'sun/nio/fs/WindowsException'{0x000000008458bd18}> (0x000000008458bd18) 
thrown [e:\jenkins\tmp\workspace\build\src\src\hotspot\share\prims\jni.cpp, line 516]
Event: 5.533 Thread 0x000001a6faf1ecc0 Exception <a 'sun/nio/fs/WindowsException'{0x000000008458cda0}> (0x000000008458cda0) 
thrown [e:\jenkins\tmp\workspace\build\src\src\hotspot\share\prims\jni.cpp, line 516]
Event: 5.533 Thread 0x000001a6faf1ecc0 Exception <a 'sun/nio/fs/WindowsException'{0x000000008458d100}> (0x000000008458d100) 
thrown [e:\jenkins\tmp\workspace\build\src\src\hotspot\share\prims\jni.cpp, line 516]
Event: 5.710 Thread 0x000001a6faf1ecc0 Exception <a 'java/io/FileNotFoundException'{0x000000008406d4f0}> (0x000000008406d4f0) 
thrown [e:\jenkins\tmp\workspace\build\src\src\hotspot\share\prims\jni.cpp, line 516]
Event: 5.736 Thread 0x000001a6faf1ecc0 Exception <a 'java/lang/NoSuchMethodError'{0x0000000083fb27e0}: 'int java.lang.invoke.DirectMethodHandle$Holder.invokeInterface(java.lang.Object, java.lang.Object, java.lang.Object, java.lang.Object)'> (0x0000000083fb27e0) 
thrown [e:\jenkins\tmp\workspace\build\src\src\hotspot\share\interpreter\linkResolver.cpp, line 766]
Event: 5.840 Thread 0x000001a6faf19290 Exception <a 'java/lang/reflect/InvocationTargetException'{0x0000000084d05ee0}> (0x0000000084d05ee0) 
thrown [e:\jenkins\tmp\workspace\build\src\src\hotspot\share\runtime\reflection.cpp, line 1121]
Event: 5.898 Thread 0x000001a6faf1ecc0 Exception <a 'java/io/FileNotFoundException'{0x00000000837438a8}> (0x00000000837438a8) 
thrown [e:\jenkins\tmp\workspace\build\src\src\hotspot\share\prims\jni.cpp, line 516]

VM Operations (20 events):
Event: 5.167 Executing VM operation: G1Concurrent
Event: 5.168 Executing VM operation: G1Concurrent done
Event: 5.282 Executing VM operation: HandshakeAllThreads
Event: 5.282 Executing VM operation: HandshakeAllThreads done
Event: 5.459 Executing VM operation: HandshakeAllThreads
Event: 5.460 Executing VM operation: HandshakeAllThreads done
Event: 5.586 Executing VM operation: HandshakeAllThreads
Event: 5.586 Executing VM operation: HandshakeAllThreads done
Event: 5.803 Executing VM operation: HandshakeAllThreads
Event: 5.803 Executing VM operation: HandshakeAllThreads done
Event: 5.804 Executing VM operation: HandshakeAllThreads
Event: 5.804 Executing VM operation: HandshakeAllThreads done
Event: 5.901 Executing VM operation: HandshakeAllThreads
Event: 5.901 Executing VM operation: HandshakeAllThreads done
Event: 5.943 Executing VM operation: HandshakeAllThreads
Event: 5.943 Executing VM operation: HandshakeAllThreads done
Event: 5.999 Executing VM operation: G1CollectForAllocation
Event: 6.008 Executing VM operation: G1CollectForAllocation done
Event: 6.041 Executing VM operation: G1CollectForAllocation
Event: 6.046 Executing VM operation: G1CollectForAllocation done

Events (20 events):
Event: 5.912 loading class java/util/concurrent/ForkJoinPool$1
Event: 5.912 loading class java/util/concurrent/ForkJoinPool$1 done
Event: 5.912 loading class java/util/concurrent/ForkJoinPool$DefaultCommonPoolForkJoinWorkerThreadFactory
Event: 5.912 loading class java/util/concurrent/ForkJoinPool$DefaultCommonPoolForkJoinWorkerThreadFactory done
Event: 5.912 loading class java/util/concurrent/ForkJoinPool$WorkQueue
Event: 5.913 loading class java/util/concurrent/ForkJoinPool$WorkQueue done
Event: 5.913 Thread 0x000001a6fafda4d0 Thread added: 0x000001a6fafda4d0
Event: 5.913 loading class java/util/concurrent/ForkJoinWorkerThread
Event: 5.913 loading class java/util/concurrent/ForkJoinWorkerThread done
Event: 5.943 loading class java/util/concurrent/Executors$FinalizableDelegatedExecutorService
Event: 5.943 loading class java/util/concurrent/Executors$DelegatedExecutorService
Event: 5.943 loading class java/util/concurrent/Executors$DelegatedExecutorService done
Event: 5.943 loading class java/util/concurrent/Executors$FinalizableDelegatedExecutorService done
Event: 5.944 Thread 0x000001a6fafdbce0 Thread added: 0x000001a6fafdbce0
Event: 6.018 loading class javax/naming/Referenceable
Event: 6.018 loading class javax/naming/Referenceable done
Event: 6.055 loading class java/lang/instrument/ClassFileTransformer
Event: 6.055 loading class java/lang/instrument/ClassFileTransformer done
Event: 6.087 loading class java/util/IllegalFormatException
Event: 6.087 loading class java/util/IllegalFormatException done


Dynamic libraries:
0x00007ff755670000 - 0x00007ff75567e000 	C:\Users\Usuario\Downloads\sts-4.15.1.RELEASE\plugins\org.eclipse.justj.openjdk.hotspot.jre.full.win32.x86_64_17.0.3.v20220515-1416\jre\bin\javaw.exe
0x00007ff9ac6d0000 - 0x00007ff9ac8c8000 	C:\Windows\SYSTEM32\ntdll.dll
0x00007ff9ab1d0000 - 0x00007ff9ab28d000 	C:\Windows\System32\KERNEL32.DLL
0x00007ff9aa040000 - 0x00007ff9aa30e000 	C:\Windows\System32\KERNELBASE.dll
0x00007ff9a9f40000 - 0x00007ff9aa040000 	C:\Windows\System32\ucrtbase.dll
0x00007ff9670f0000 - 0x00007ff967108000 	C:\Users\Usuario\Downloads\sts-4.15.1.RELEASE\plugins\org.eclipse.justj.openjdk.hotspot.jre.full.win32.x86_64_17.0.3.v20220515-1416\jre\bin\jli.dll
0x00007ff9ac030000 - 0x00007ff9ac1d0000 	C:\Windows\System32\USER32.dll
0x00007ff9a9e90000 - 0x00007ff9a9eb2000 	C:\Windows\System32\win32u.dll
0x00007ff9ab6b0000 - 0x00007ff9ab6da000 	C:\Windows\System32\GDI32.dll
0x00007ff9aa620000 - 0x00007ff9aa72b000 	C:\Windows\System32\gdi32full.dll
0x00007ff9a9df0000 - 0x00007ff9a9e8d000 	C:\Windows\System32\msvcp_win.dll
0x00007ff94f860000 - 0x00007ff94f879000 	C:\Users\Usuario\Downloads\sts-4.15.1.RELEASE\plugins\org.eclipse.justj.openjdk.hotspot.jre.full.win32.x86_64_17.0.3.v20220515-1416\jre\bin\VCRUNTIME140.dll
0x00007ff991970000 - 0x00007ff991c0a000 	C:\Windows\WinSxS\amd64_microsoft.windows.common-controls_6595b64144ccf1df_6.0.19041.1110_none_60b5254171f9507e\COMCTL32.dll
0x00007ff9abf90000 - 0x00007ff9ac02e000 	C:\Windows\System32\msvcrt.dll
0x00007ff9ab6e0000 - 0x00007ff9ab710000 	C:\Windows\System32\IMM32.DLL
0x00007ff99f8c0000 - 0x00007ff99f8cc000 	C:\Users\Usuario\Downloads\sts-4.15.1.RELEASE\plugins\org.eclipse.justj.openjdk.hotspot.jre.full.win32.x86_64_17.0.3.v20220515-1416\jre\bin\vcruntime140_1.dll
0x00007ff94d070000 - 0x00007ff94d101000 	C:\Users\Usuario\Downloads\sts-4.15.1.RELEASE\plugins\org.eclipse.justj.openjdk.hotspot.jre.full.win32.x86_64_17.0.3.v20220515-1416\jre\bin\msvcp140.dll
0x00007ff93dab0000 - 0x00007ff93e6f8000 	C:\Users\Usuario\Downloads\sts-4.15.1.RELEASE\plugins\org.eclipse.justj.openjdk.hotspot.jre.full.win32.x86_64_17.0.3.v20220515-1416\jre\bin\server\jvm.dll
0x00007ff9ab4d0000 - 0x00007ff9ab57e000 	C:\Windows\System32\ADVAPI32.dll
0x00007ff9ab310000 - 0x00007ff9ab3ac000 	C:\Windows\System32\sechost.dll
0x00007ff9ab580000 - 0x00007ff9ab6a5000 	C:\Windows\System32\RPCRT4.dll
0x00007ff9ab4c0000 - 0x00007ff9ab4c8000 	C:\Windows\System32\PSAPI.DLL
0x00007ff9a44a0000 - 0x00007ff9a44a9000 	C:\Windows\SYSTEM32\WSOCK32.dll
0x00007ff9ac560000 - 0x00007ff9ac5cb000 	C:\Windows\System32\WS2_32.dll
0x00007ff98b050000 - 0x00007ff98b077000 	C:\Windows\SYSTEM32\WINMM.dll
0x00007ff99c740000 - 0x00007ff99c74a000 	C:\Windows\SYSTEM32\VERSION.dll
0x00007ff9a7cf0000 - 0x00007ff9a7d02000 	C:\Windows\SYSTEM32\kernel.appcore.dll
0x00007ff9a42a0000 - 0x00007ff9a42aa000 	C:\Users\Usuario\Downloads\sts-4.15.1.RELEASE\plugins\org.eclipse.justj.openjdk.hotspot.jre.full.win32.x86_64_17.0.3.v20220515-1416\jre\bin\jimage.dll
0x00007ff9a0d30000 - 0x00007ff9a0f14000 	C:\Windows\SYSTEM32\DBGHELP.DLL
0x00007ff9a0c50000 - 0x00007ff9a0c7c000 	C:\Windows\SYSTEM32\dbgcore.DLL
0x00007ff9aa590000 - 0x00007ff9aa612000 	C:\Windows\System32\bcryptPrimitives.dll
0x00007ff988480000 - 0x00007ff9884a5000 	C:\Users\Usuario\Downloads\sts-4.15.1.RELEASE\plugins\org.eclipse.justj.openjdk.hotspot.jre.full.win32.x86_64_17.0.3.v20220515-1416\jre\bin\java.dll
0x00007ff98cac0000 - 0x00007ff98cad8000 	C:\Users\Usuario\Downloads\sts-4.15.1.RELEASE\plugins\org.eclipse.justj.openjdk.hotspot.jre.full.win32.x86_64_17.0.3.v20220515-1416\jre\bin\zip.dll
0x00007ff9aa810000 - 0x00007ff9aaf54000 	C:\Windows\System32\SHELL32.dll
0x00007ff9a7ef0000 - 0x00007ff9a8684000 	C:\Windows\SYSTEM32\windows.storage.dll
0x00007ff9ac1d0000 - 0x00007ff9ac524000 	C:\Windows\System32\combase.dll
0x00007ff9a9850000 - 0x00007ff9a9880000 	C:\Windows\SYSTEM32\Wldp.dll
0x00007ff9ab3b0000 - 0x00007ff9ab45d000 	C:\Windows\System32\SHCORE.dll
0x00007ff9abb80000 - 0x00007ff9abbd5000 	C:\Windows\System32\shlwapi.dll
0x00007ff9a9d30000 - 0x00007ff9a9d4f000 	C:\Windows\SYSTEM32\profapi.dll
0x00007ff987cc0000 - 0x00007ff987cd9000 	C:\Users\Usuario\Downloads\sts-4.15.1.RELEASE\plugins\org.eclipse.justj.openjdk.hotspot.jre.full.win32.x86_64_17.0.3.v20220515-1416\jre\bin\net.dll
0x00007ff99c530000 - 0x00007ff99c63a000 	C:\Windows\SYSTEM32\WINHTTP.dll
0x00007ff9a95b0000 - 0x00007ff9a961a000 	C:\Windows\system32\mswsock.dll
0x00007ff984b30000 - 0x00007ff984b45000 	C:\Users\Usuario\Downloads\sts-4.15.1.RELEASE\plugins\org.eclipse.justj.openjdk.hotspot.jre.full.win32.x86_64_17.0.3.v20220515-1416\jre\bin\nio.dll
0x00007ff9a2340000 - 0x00007ff9a2349000 	C:\Users\Usuario\Downloads\sts-4.15.1.RELEASE\plugins\org.eclipse.justj.openjdk.hotspot.jre.full.win32.x86_64_17.0.3.v20220515-1416\jre\bin\management.dll
0x00007ff9a2200000 - 0x00007ff9a220b000 	C:\Users\Usuario\Downloads\sts-4.15.1.RELEASE\plugins\org.eclipse.justj.openjdk.hotspot.jre.full.win32.x86_64_17.0.3.v20220515-1416\jre\bin\management_ext.dll
0x00007ff98e630000 - 0x00007ff98e647000 	C:\Windows\system32\napinsp.dll
0x00007ff98e610000 - 0x00007ff98e62b000 	C:\Windows\system32\pnrpnsp.dll
0x00007ff9a4570000 - 0x00007ff9a4585000 	C:\Windows\system32\wshbth.dll
0x00007ff9a2180000 - 0x00007ff9a219d000 	C:\Windows\system32\NLAapi.dll
0x00007ff9a9250000 - 0x00007ff9a928b000 	C:\Windows\SYSTEM32\IPHLPAPI.DLL
0x00007ff9a9290000 - 0x00007ff9a935b000 	C:\Windows\SYSTEM32\DNSAPI.dll
0x00007ff9ac530000 - 0x00007ff9ac538000 	C:\Windows\System32\NSI.dll
0x00007ff98e5f0000 - 0x00007ff98e602000 	C:\Windows\System32\winrnr.dll
0x00007ff99bb20000 - 0x00007ff99bb2a000 	C:\Windows\System32\rasadhlp.dll
0x00007ff99bb30000 - 0x00007ff99bbb0000 	C:\Windows\System32\fwpuclnt.dll
0x00007ff9a9ec0000 - 0x00007ff9a9ee7000 	C:\Windows\System32\bcrypt.dll
0x00007ff9a97b0000 - 0x00007ff9a97c8000 	C:\Windows\SYSTEM32\CRYPTSP.dll
0x00007ff9a8ec0000 - 0x00007ff9a8ef4000 	C:\Windows\system32\rsaenh.dll
0x00007ff9a9cf0000 - 0x00007ff9a9d1e000 	C:\Windows\SYSTEM32\USERENV.dll
0x00007ff9a97a0000 - 0x00007ff9a97ac000 	C:\Windows\SYSTEM32\CRYPTBASE.dll
0x00007ff9a04b0000 - 0x00007ff9a04c7000 	C:\Windows\SYSTEM32\dhcpcsvc6.DLL
0x00007ff9a1d50000 - 0x00007ff9a1d6d000 	C:\Windows\SYSTEM32\dhcpcsvc.DLL
0x00007ff9a3a50000 - 0x00007ff9a3a60000 	C:\Users\Usuario\Downloads\sts-4.15.1.RELEASE\plugins\org.eclipse.justj.openjdk.hotspot.jre.full.win32.x86_64_17.0.3.v20220515-1416\jre\bin\verify.dll
0x00007ff9a3340000 - 0x00007ff9a334e000 	C:\Users\Usuario\Downloads\sts-4.15.1.RELEASE\plugins\org.eclipse.justj.openjdk.hotspot.jre.full.win32.x86_64_17.0.3.v20220515-1416\jre\bin\sunmscapi.dll
0x00007ff9aa380000 - 0x00007ff9aa4d6000 	C:\Windows\System32\CRYPT32.dll
0x00007ff9a98c0000 - 0x00007ff9a98e7000 	C:\Windows\SYSTEM32\ncrypt.dll
0x00007ff9a9880000 - 0x00007ff9a98bb000 	C:\Windows\SYSTEM32\NTASN1.dll

dbghelp: loaded successfully - version: 4.0.5 - missing functions: none
symbol engine: initialized successfully - sym options: 0x614 - pdb path: .;C:\Users\Usuario\Downloads\sts-4.15.1.RELEASE\plugins\org.eclipse.justj.openjdk.hotspot.jre.full.win32.x86_64_17.0.3.v20220515-1416\jre\bin;C:\Windows\SYSTEM32;C:\Windows\WinSxS\amd64_microsoft.windows.common-controls_6595b64144ccf1df_6.0.19041.1110_none_60b5254171f9507e;C:\Users\Usuario\Downloads\sts-4.15.1.RELEASE\plugins\org.eclipse.justj.openjdk.hotspot.jre.full.win32.x86_64_17.0.3.v20220515-1416\jre\bin\server

VM Arguments:
jvm_args: -Dcom.sun.management.jmxremote -Dcom.sun.management.jmxremote.port=56626 -Dcom.sun.management.jmxremote.authenticate=false -Dcom.sun.management.jmxremote.ssl=false -Djava.rmi.server.hostname=localhost -Dspring.jmx.enabled=true -Dspring.application.admin.enabled=true -XX:TieredStopAtLevel=1 -Dspring.boot.project.name=blogpessoal -Dfile.encoding=UTF-8 -XX:+ShowCodeDetailsInExceptionMessages 
java_command: com.generation.blogpessoal.BlogpessoalApplication --spring.output.ansi.enabled=always
java_class_path (initial): C:\Users\Usuario\Documents\SpringBoot\blogpessoal\target\classes;C:\Users\Usuario\.m2\repository\org\springframework\boot\spring-boot-starter-data-jpa\2.7.2\spring-boot-starter-data-jpa-2.7.2.jar;C:\Users\Usuario\.m2\repository\org\springframework\boot\spring-boot-starter-aop\2.7.2\spring-boot-starter-aop-2.7.2.jar;C:\Users\Usuario\.m2\repository\org\aspectj\aspectjweaver\1.9.7\aspectjweaver-1.9.7.jar;C:\Users\Usuario\.m2\repository\org\springframework\boot\spring-boot-starter-jdbc\2.7.2\spring-boot-starter-jdbc-2.7.2.jar;C:\Users\Usuario\.m2\repository\com\zaxxer\HikariCP\4.0.3\HikariCP-4.0.3.jar;C:\Users\Usuario\.m2\repository\org\springframework\spring-jdbc\5.3.22\spring-jdbc-5.3.22.jar;C:\Users\Usuario\.m2\repository\jakarta\transaction\jakarta.transaction-api\1.3.3\jakarta.transaction-api-1.3.3.jar;C:\Users\Usuario\.m2\repository\jakarta\persistence\jakarta.persistence-api\2.2.3\jakarta.persistence-api-2.2.3.jar;C:\Users\Usuario\.m2\repository\org\hibernate\hibernate-core\5.6.10.Final\hibernate-core-5.6.10.Final.jar;C:\Users\Usuario\.m2\repository\org\jboss\logging\jboss-logging\3.4.3.Final\jboss-logging-3.4.3.Final.jar;C:\Users\Usuario\.m2\repository\net\bytebuddy\byte-buddy\1.12.12\byte-buddy-1.12.12.jar;C:\Users\Usuario\.m2\repository\antlr\antlr\2.7.7\antlr-2.7.7.jar;C:\Users\Usuario\.m2\repository\org\jboss\jandex\2.4.2.Final\jandex-2.4.2.Final.jar;C:\Users\Usuario\.m2\repository\com\fasterxml\classmate\1.5.1\classmate-1.5.1.jar;C:\Users\Usuario\.m2\repository\org\hibernate\common\hibernate-commons-annotations\5.1.2.Final\hibernate-commons-annotations-5.1.2.Final.jar;C:\Users\Usuario\.m2\repository\org\glassfish\jaxb\jaxb-runtime\2.3.6\jaxb-runtime-2.3.6.jar;C:\Users\Usuario\.m2\repository\org\glassfish\jaxb\txw2\2.3.6\txw2-2.3.6.jar;C:\Users\Usuario\.m2\repository\com\sun\istack\istack-commons-runtime\3.0.12\istack-commons-runtime-3.0.12.jar;C:\Users\Usuario\.m2\repository\com\sun\activation\jakarta.activation\1.2.2\jakarta.ac
Launcher Type: SUN_STANDARD

[Global flags]
     intx CICompilerCount                          = 3                                         {product} {ergonomic}
     uint ConcGCThreads                            = 1                                         {product} {ergonomic}
     uint G1ConcRefinementThreads                  = 4                                         {product} {ergonomic}
   size_t G1HeapRegionSize                         = 1048576                                   {product} {ergonomic}
    uintx GCDrainStackTargetSize                   = 64                                        {product} {ergonomic}
   size_t InitialHeapSize                          = 134217728                                 {product} {ergonomic}
     bool ManagementServer                         = true                                      {product} {command line}
   size_t MarkStackSize                            = 4194304                                   {product} {ergonomic}
   size_t MaxHeapSize                              = 2118123520                                {product} {ergonomic}
   size_t MaxNewSize                               = 1270874112                                {product} {ergonomic}
   size_t MinHeapDeltaBytes                        = 1048576                                   {product} {ergonomic}
   size_t MinHeapSize                              = 8388608                                   {product} {ergonomic}
    uintx NonProfiledCodeHeapSize                  = 0                                      {pd product} {ergonomic}
     bool ProfileInterpreter                       = false                                  {pd product} {command line}
    uintx ProfiledCodeHeapSize                     = 0                                      {pd product} {ergonomic}
     bool ShowCodeDetailsInExceptionMessages       = true                                   {manageable} {command line}
   size_t SoftMaxHeapSize                          = 2118123520                             {manageable} {ergonomic}
     intx TieredStopAtLevel                        = 1                                         {product} {command line}
     bool UseCompressedClassPointers               = true                           {product lp64_product} {ergonomic}
     bool UseCompressedOops                        = true                           {product lp64_product} {ergonomic}
     bool UseG1GC                                  = true                                      {product} {ergonomic}
     bool UseLargePagesIndividualAllocation        = false                                  {pd product} {ergonomic}

Logging:
Log output configuration:
 #0: stdout all=warning uptime,level,tags
 #1: stderr all=off uptime,level,tags

Environment Variables:
JAVA_HOME=C:\Program Files\Java\jdk-17.0.3.1
PATH=C:/Users/Usuario/Downloads/sts-4.15.1.RELEASE//plugins/org.eclipse.justj.openjdk.hotspot.jre.full.win32.x86_64_17.0.3.v20220515-1416/jre/bin/server;C:/Users/Usuario/Downloads/sts-4.15.1.RELEASE//plugins/org.eclipse.justj.openjdk.hotspot.jre.full.win32.x86_64_17.0.3.v20220515-1416/jre/bin;C:\Program Files\Common Files\Oracle\Java\javapath;C:\Windows\system32;C:\Windows;C:\Windows\System32\Wbem;C:\Windows\System32\WindowsPowerShell\v1.0\;C:\Windows\System32\OpenSSH\;C:\Program Files\Java\jdk-17.0.3.1;C:\ProgramData\UNIVALI\Portugol Studio;C:\Program Files\nodejs\;C:\Program Files\Git\cmd;C:\Users\Usuario\AppData\Local\Microsoft\WindowsApps;;C:\Users\Usuario\AppData\Local\Programs\Microsoft VS Code\bin;C:\Users\Usuario\AppData\Roaming\npm;C:\Users\Usuario\Downloads\sts-4.15.1.RELEASE;
USERNAME=Usuario
OS=Windows_NT
PROCESSOR_IDENTIFIER=Intel64 Family 6 Model 60 Stepping 3, GenuineIntel



---------------  S Y S T E M  ---------------

OS:
 Windows 10 , 64 bit Build 19041 (10.0.19041.1806)
OS uptime: 7 days 19:18 hours

CPU: total 4 (initial active 4) (2 cores per cpu, 2 threads per core) family 6 model 60 stepping 3 microcode 0x27, cx8, cmov, fxsr, ht, mmx, sse, sse2, sse3, ssse3, sse4.1, sse4.2, popcnt, lzcnt, tsc, tscinvbit, avx, avx2, aes, erms, clmul, bmi1, bmi2, fma, vzeroupper, clflush

Memory: 4k page, system-wide physical 8072M (1472M free)
TotalPageFile size 22353M (AvailPageFile size 3M)
current process WorkingSet (physical memory assigned to process): 156M, peak: 156M
current process commit charge ("private bytes"): 182M, peak: 222M

vm_info: OpenJDK 64-Bit Server VM (17.0.3+7) for windows-amd64 JRE (17.0.3+7), built on Apr 19 2022 16:55:35 by "" with MS VC++ 16.7 (VS2019)

END.
